<?xml version="1.0" encoding="utf-8"?>
<CoverageSession xmlns:xsd="http://www.w3.org/2001/XMLSchema" xmlns:xsi="http://www.w3.org/2001/XMLSchema-instance" Version="0.0.0.0">
  <Summary numSequencePoints="1248" visitedSequencePoints="874" numBranchPoints="0" visitedBranchPoints="0" sequenceCoverage="70.03" branchCoverage="0.0" maxCyclomaticComplexity="0" minCyclomaticComplexity="0" maxCrapScore="0" minCrapScore="0" visitedClasses="28" numClasses="29" visitedMethods="88" numMethods="89" />
  <Modules>
    <Module>
      <Summary numSequencePoints="1222" visitedSequencePoints="856" numBranchPoints="0" visitedBranchPoints="0" sequenceCoverage="70.05" branchCoverage="0.0" maxCyclomaticComplexity="0" minCyclomaticComplexity="0" maxCrapScore="0" minCrapScore="0" visitedClasses="26" numClasses="26" visitedMethods="86" numMethods="86" />
      <ModuleTime>0001-01-01T00:00:00</ModuleTime>
      <ModuleName>GameCore</ModuleName>
      <Files>
        <File uid="2" fullPath="C:/Users/Acer/Documents/4felev/0Szofttech/safari-empire/SafariEmpire/Assets/Codes/animal/animalGroupClickHandler.cs" />
        <File uid="3" fullPath="C:/Users/Acer/Documents/4felev/0Szofttech/safari-empire/SafariEmpire/Assets/Codes/ButtonManager.cs" />
        <File uid="4" fullPath="C:/Users/Acer/Documents/4felev/0Szofttech/safari-empire/SafariEmpire/Assets/Codes/CameraController.cs" />
        <File uid="5" fullPath="C:/Users/Acer/Documents/4felev/0Szofttech/safari-empire/SafariEmpire/Assets/Codes/Entity.cs" />
        <File uid="6" fullPath="C:/Users/Acer/Documents/4felev/0Szofttech/safari-empire/SafariEmpire/Assets/Codes/Hill.cs" />
        <File uid="7" fullPath="C:/Users/Acer/Documents/4felev/0Szofttech/safari-empire/SafariEmpire/Assets/Codes/Jeep.cs" />
        <File uid="8" fullPath="C:/Users/Acer/Documents/4felev/0Szofttech/safari-empire/SafariEmpire/Assets/Codes/Lose.cs" />
        <File uid="9" fullPath="C:/Users/Acer/Documents/4felev/0Szofttech/safari-empire/SafariEmpire/Assets/Codes/MenuManager.cs" />
        <File uid="10" fullPath="C:/Users/Acer/Documents/4felev/0Szofttech/safari-empire/SafariEmpire/Assets/Codes/Model.cs" />
        <File uid="11" fullPath="C:/Users/Acer/Documents/4felev/0Szofttech/safari-empire/SafariEmpire/Assets/Codes/Path.cs" />
        <File uid="12" fullPath="C:/Users/Acer/Documents/4felev/0Szofttech/safari-empire/SafariEmpire/Assets/Codes/Plant.cs" />
        <File uid="13" fullPath="C:/Users/Acer/Documents/4felev/0Szofttech/safari-empire/SafariEmpire/Assets/Codes/Poacher.cs" />
        <File uid="14" fullPath="C:/Users/Acer/Documents/4felev/0Szofttech/safari-empire/SafariEmpire/Assets/Codes/Pond.cs" />
        <File uid="15" fullPath="C:/Users/Acer/Documents/4felev/0Szofttech/safari-empire/SafariEmpire/Assets/Codes/Ranger.cs" />
        <File uid="16" fullPath="C:/Users/Acer/Documents/4felev/0Szofttech/safari-empire/SafariEmpire/Assets/Codes/River.cs" />
        <File uid="17" fullPath="C:/Users/Acer/Documents/4felev/0Szofttech/safari-empire/SafariEmpire/Assets/Codes/Win.cs" />
        <File uid="18" fullPath="C:/Users/Acer/Documents/4felev/0Szofttech/safari-empire/SafariEmpire/Assets/Codes/Security/AirBalloon.cs" />
        <File uid="19" fullPath="C:/Users/Acer/Documents/4felev/0Szofttech/safari-empire/SafariEmpire/Assets/Codes/Security/Camera.cs" />
        <File uid="20" fullPath="C:/Users/Acer/Documents/4felev/0Szofttech/safari-empire/SafariEmpire/Assets/Codes/Security/Drone.cs" />
        <File uid="21" fullPath="C:/Users/Acer/Documents/4felev/0Szofttech/safari-empire/SafariEmpire/Assets/Codes/Security/SecuritySystem.cs" />
        <File uid="22" fullPath="C:/Users/Acer/Documents/4felev/0Szofttech/safari-empire/SafariEmpire/Assets/Codes/animal/Animal.cs" />
        <File uid="23" fullPath="C:/Users/Acer/Documents/4felev/0Szofttech/safari-empire/SafariEmpire/Assets/Codes/animal/AnimalGroup.cs" />
        <File uid="24" fullPath="C:/Users/Acer/Documents/4felev/0Szofttech/safari-empire/SafariEmpire/Assets/Codes/animal/Carnivore.cs" />
        <File uid="25" fullPath="C:/Users/Acer/Documents/4felev/0Szofttech/safari-empire/SafariEmpire/Assets/Codes/animal/Crocodile.cs" />
        <File uid="26" fullPath="C:/Users/Acer/Documents/4felev/0Szofttech/safari-empire/SafariEmpire/Assets/Codes/animal/Gazella.cs" />
        <File uid="27" fullPath="C:/Users/Acer/Documents/4felev/0Szofttech/safari-empire/SafariEmpire/Assets/Codes/animal/Gepard.cs" />
        <File uid="28" fullPath="C:/Users/Acer/Documents/4felev/0Szofttech/safari-empire/SafariEmpire/Assets/Codes/animal/Herbivore.cs" />
        <File uid="29" fullPath="C:/Users/Acer/Documents/4felev/0Szofttech/safari-empire/SafariEmpire/Assets/Codes/animal/Hippo.cs" />
      </Files>
      <Classes>
        <Class>
          <Summary numSequencePoints="154" visitedSequencePoints="112" numBranchPoints="0" visitedBranchPoints="0" sequenceCoverage="72.73" branchCoverage="0.0" maxCyclomaticComplexity="0" minCyclomaticComplexity="0" maxCrapScore="0" minCrapScore="0" visitedClasses="1" numClasses="1" visitedMethods="3" numMethods="3" />
          <FullName>ButtonManager</FullName>
          <Methods>
            <Method visited="true" cyclomaticComplexity="0" nPathComplexity="0" sequenceCoverage="100.0" branchCoverage="0" crapScore="0" isConstructor="false" isStatic="false" isGetter="false" isSetter="false">
              <Summary numSequencePoints="105" visitedSequencePoints="105" numBranchPoints="0" visitedBranchPoints="0" sequenceCoverage="100.0" branchCoverage="0" maxCyclomaticComplexity="0" minCyclomaticComplexity="0" maxCrapScore="0" minCrapScore="0" visitedClasses="0" numClasses="0" visitedMethods="1" numMethods="1" />
              <MetadataToken>100663299</MetadataToken>
              <Name>System.Void ButtonManager::Start()</Name>
              <FileRef uid="3" />
              <SequencePoints>
                <SequencePoint vc="1" uspid="3001" ordinal="0" offset="0" sl="46" sc="5" el="46" ec="5" bec="0" bev="0" fileid="3" />
                <SequencePoint vc="1" uspid="3002" ordinal="0" offset="1" sl="48" sc="9" el="48" ec="9" bec="0" bev="0" fileid="3" />
                <SequencePoint vc="1" uspid="3003" ordinal="0" offset="30" sl="49" sc="9" el="49" ec="9" bec="0" bev="0" fileid="3" />
                <SequencePoint vc="1" uspid="3004" ordinal="0" offset="59" sl="50" sc="9" el="50" ec="9" bec="0" bev="0" fileid="3" />
                <SequencePoint vc="1" uspid="3005" ordinal="0" offset="88" sl="51" sc="9" el="51" ec="9" bec="0" bev="0" fileid="3" />
                <SequencePoint vc="1" uspid="3006" ordinal="0" offset="122" sl="52" sc="9" el="52" ec="9" bec="0" bev="0" fileid="3" />
                <SequencePoint vc="1" uspid="3007" ordinal="0" offset="151" sl="53" sc="9" el="53" ec="9" bec="0" bev="0" fileid="3" />
                <SequencePoint vc="1" uspid="3008" ordinal="0" offset="158" sl="54" sc="9" el="54" ec="9" bec="0" bev="0" fileid="3" />
                <SequencePoint vc="1" uspid="3009" ordinal="0" offset="165" sl="55" sc="9" el="55" ec="9" bec="0" bev="0" fileid="3" />
                <SequencePoint vc="1" uspid="3010" ordinal="0" offset="194" sl="56" sc="9" el="56" ec="9" bec="0" bev="0" fileid="3" />
                <SequencePoint vc="1" uspid="3011" ordinal="0" offset="223" sl="57" sc="9" el="57" ec="9" bec="0" bev="0" fileid="3" />
                <SequencePoint vc="1" uspid="3012" ordinal="0" offset="252" sl="58" sc="9" el="58" ec="9" bec="0" bev="0" fileid="3" />
                <SequencePoint vc="1" uspid="3013" ordinal="0" offset="281" sl="61" sc="9" el="61" ec="9" bec="0" bev="0" fileid="3" />
                <SequencePoint vc="1" uspid="3014" ordinal="0" offset="282" sl="61" sc="37" el="61" ec="37" bec="0" bev="0" fileid="3" />
                <SequencePoint vc="3" uspid="3015" ordinal="0" offset="304" sl="61" sc="18" el="61" ec="18" bec="0" bev="0" fileid="3" />
                <SequencePoint vc="3" uspid="3016" ordinal="0" offset="316" sl="62" sc="9" el="62" ec="9" bec="0" bev="0" fileid="3" />
                <SequencePoint vc="3" uspid="3017" ordinal="0" offset="317" sl="63" sc="13" el="63" ec="13" bec="0" bev="0" fileid="3" />
                <SequencePoint vc="3" uspid="3018" ordinal="0" offset="325" sl="64" sc="13" el="64" ec="13" bec="0" bev="0" fileid="3" />
                <SequencePoint vc="3" uspid="3019" ordinal="0" offset="342" sl="65" sc="13" el="65" ec="13" bec="0" bev="0" fileid="3" />
                <SequencePoint vc="3" uspid="3020" ordinal="0" offset="343" sl="66" sc="17" el="66" ec="17" bec="0" bev="0" fileid="3" />
                <SequencePoint vc="3" uspid="3021" ordinal="0" offset="357" sl="67" sc="17" el="67" ec="17" bec="0" bev="0" fileid="3" />
                <SequencePoint vc="1" uspid="3022" ordinal="0" offset="375" sl="68" sc="17" el="68" ec="17" bec="0" bev="0" fileid="3" />
                <SequencePoint vc="1" uspid="3023" ordinal="0" offset="376" sl="69" sc="21" el="69" ec="21" bec="0" bev="0" fileid="3" />
                <SequencePoint vc="1" uspid="3024" ordinal="0" offset="401" sl="70" sc="17" el="70" ec="17" bec="0" bev="0" fileid="3" />
                <SequencePoint vc="2" uspid="3025" ordinal="0" offset="404" sl="71" sc="22" el="71" ec="22" bec="0" bev="0" fileid="3" />
                <SequencePoint vc="1" uspid="3026" ordinal="0" offset="422" sl="72" sc="17" el="72" ec="17" bec="0" bev="0" fileid="3" />
                <SequencePoint vc="1" uspid="3027" ordinal="0" offset="423" sl="73" sc="21" el="73" ec="21" bec="0" bev="0" fileid="3" />
                <SequencePoint vc="1" uspid="3028" ordinal="0" offset="448" sl="74" sc="17" el="74" ec="17" bec="0" bev="0" fileid="3" />
                <SequencePoint vc="1" uspid="3029" ordinal="0" offset="451" sl="75" sc="22" el="75" ec="22" bec="0" bev="0" fileid="3" />
                <SequencePoint vc="1" uspid="3030" ordinal="0" offset="469" sl="76" sc="17" el="76" ec="17" bec="0" bev="0" fileid="3" />
                <SequencePoint vc="1" uspid="3031" ordinal="0" offset="470" sl="77" sc="21" el="77" ec="21" bec="0" bev="0" fileid="3" />
                <SequencePoint vc="1" uspid="3032" ordinal="0" offset="495" sl="78" sc="17" el="78" ec="17" bec="0" bev="0" fileid="3" />
                <SequencePoint vc="3" uspid="3033" ordinal="0" offset="496" sl="80" sc="13" el="80" ec="13" bec="0" bev="0" fileid="3" />
                <SequencePoint vc="3" uspid="3034" ordinal="0" offset="497" sl="81" sc="9" el="81" ec="9" bec="0" bev="0" fileid="3" />
                <SequencePoint vc="4" uspid="3035" ordinal="0" offset="498" sl="61" sc="34" el="61" ec="34" bec="0" bev="0" fileid="3" />
                <SequencePoint vc="1" uspid="3036" ordinal="0" offset="532" sl="88" sc="9" el="88" ec="9" bec="0" bev="0" fileid="3" />
                <SequencePoint vc="1" uspid="3037" ordinal="0" offset="554" sl="89" sc="9" el="89" ec="9" bec="0" bev="0" fileid="3" />
                <SequencePoint vc="1" uspid="3038" ordinal="0" offset="556" sl="90" sc="9" el="90" ec="9" bec="0" bev="0" fileid="3" />
                <SequencePoint vc="1" uspid="3039" ordinal="0" offset="557" sl="90" sc="37" el="90" ec="37" bec="0" bev="0" fileid="3" />
                <SequencePoint vc="3" uspid="3040" ordinal="0" offset="572" sl="90" sc="18" el="90" ec="18" bec="0" bev="0" fileid="3" />
                <SequencePoint vc="3" uspid="3041" ordinal="0" offset="601" sl="91" sc="9" el="91" ec="9" bec="0" bev="0" fileid="3" />
                <SequencePoint vc="3" uspid="3042" ordinal="0" offset="602" sl="92" sc="13" el="92" ec="13" bec="0" bev="0" fileid="3" />
                <SequencePoint vc="3" uspid="3043" ordinal="0" offset="610" sl="93" sc="13" el="93" ec="13" bec="0" bev="0" fileid="3" />
                <SequencePoint vc="3" uspid="3044" ordinal="0" offset="619" sl="94" sc="13" el="94" ec="13" bec="0" bev="0" fileid="3" />
                <SequencePoint vc="3" uspid="3045" ordinal="0" offset="645" sl="95" sc="13" el="95" ec="13" bec="0" bev="0" fileid="3" />
                <SequencePoint vc="3" uspid="3046" ordinal="0" offset="649" sl="96" sc="9" el="96" ec="9" bec="0" bev="0" fileid="3" />
                <SequencePoint vc="4" uspid="3047" ordinal="0" offset="650" sl="90" sc="34" el="90" ec="34" bec="0" bev="0" fileid="3" />
                <SequencePoint vc="1" uspid="3048" ordinal="0" offset="683" sl="99" sc="9" el="99" ec="9" bec="0" bev="0" fileid="3" />
                <SequencePoint vc="1" uspid="3049" ordinal="0" offset="684" sl="99" sc="38" el="99" ec="38" bec="0" bev="0" fileid="3" />
                <SequencePoint vc="11" uspid="3050" ordinal="0" offset="722" sl="99" sc="18" el="99" ec="18" bec="0" bev="0" fileid="3" />
                <SequencePoint vc="11" uspid="3051" ordinal="0" offset="741" sl="100" sc="9" el="100" ec="9" bec="0" bev="0" fileid="3" />
                <SequencePoint vc="11" uspid="3052" ordinal="0" offset="742" sl="101" sc="13" el="101" ec="13" bec="0" bev="0" fileid="3" />
                <SequencePoint vc="11" uspid="3053" ordinal="0" offset="743" sl="101" sc="41" el="101" ec="41" bec="0" bev="0" fileid="3" />
                <SequencePoint vc="22" uspid="3054" ordinal="0" offset="759" sl="101" sc="22" el="101" ec="22" bec="0" bev="0" fileid="3" />
                <SequencePoint vc="22" uspid="3055" ordinal="0" offset="773" sl="102" sc="13" el="102" ec="13" bec="0" bev="0" fileid="3" />
                <SequencePoint vc="22" uspid="3056" ordinal="0" offset="774" sl="103" sc="17" el="103" ec="17" bec="0" bev="0" fileid="3" />
                <SequencePoint vc="22" uspid="3057" ordinal="0" offset="783" sl="105" sc="17" el="105" ec="17" bec="0" bev="0" fileid="3" />
                <SequencePoint vc="11" uspid="3058" ordinal="0" offset="797" sl="106" sc="17" el="106" ec="17" bec="0" bev="0" fileid="3" />
                <SequencePoint vc="11" uspid="3059" ordinal="0" offset="798" sl="107" sc="21" el="107" ec="21" bec="0" bev="0" fileid="3" />
                <SequencePoint vc="11" uspid="3060" ordinal="0" offset="802" sl="108" sc="21" el="108" ec="21" bec="0" bev="0" fileid="3" />
                <SequencePoint vc="11" uspid="3061" ordinal="0" offset="851" sl="109" sc="17" el="109" ec="17" bec="0" bev="0" fileid="3" />
                <SequencePoint vc="22" uspid="3062" ordinal="0" offset="852" sl="110" sc="13" el="110" ec="13" bec="0" bev="0" fileid="3" />
                <SequencePoint vc="33" uspid="3063" ordinal="0" offset="853" sl="101" sc="38" el="101" ec="38" bec="0" bev="0" fileid="3" />
                <SequencePoint vc="11" uspid="3064" ordinal="0" offset="886" sl="111" sc="9" el="111" ec="9" bec="0" bev="0" fileid="3" />
                <SequencePoint vc="12" uspid="3065" ordinal="0" offset="887" sl="99" sc="35" el="99" ec="35" bec="0" bev="0" fileid="3" />
                <SequencePoint vc="1" uspid="3066" ordinal="0" offset="923" sl="114" sc="9" el="114" ec="9" bec="0" bev="0" fileid="3" />
                <SequencePoint vc="1" uspid="3067" ordinal="0" offset="924" sl="114" sc="37" el="114" ec="37" bec="0" bev="0" fileid="3" />
                <SequencePoint vc="4" uspid="3068" ordinal="0" offset="944" sl="114" sc="18" el="114" ec="18" bec="0" bev="0" fileid="3" />
                <SequencePoint vc="4" uspid="3069" ordinal="0" offset="958" sl="115" sc="9" el="115" ec="9" bec="0" bev="0" fileid="3" />
                <SequencePoint vc="4" uspid="3070" ordinal="0" offset="959" sl="116" sc="13" el="116" ec="13" bec="0" bev="0" fileid="3" />
                <SequencePoint vc="4" uspid="3071" ordinal="0" offset="968" sl="117" sc="13" el="117" ec="13" bec="0" bev="0" fileid="3" />
                <SequencePoint vc="1" uspid="3072" ordinal="0" offset="982" sl="118" sc="13" el="118" ec="13" bec="0" bev="0" fileid="3" />
                <SequencePoint vc="1" uspid="3073" ordinal="0" offset="983" sl="119" sc="17" el="119" ec="17" bec="0" bev="0" fileid="3" />
                <SequencePoint vc="1" uspid="3074" ordinal="0" offset="1008" sl="120" sc="13" el="120" ec="13" bec="0" bev="0" fileid="3" />
                <SequencePoint vc="4" uspid="3075" ordinal="0" offset="1009" sl="121" sc="9" el="121" ec="9" bec="0" bev="0" fileid="3" />
                <SequencePoint vc="5" uspid="3076" ordinal="0" offset="1010" sl="114" sc="34" el="114" ec="34" bec="0" bev="0" fileid="3" />
                <SequencePoint vc="1" uspid="3077" ordinal="0" offset="1043" sl="124" sc="9" el="124" ec="9" bec="0" bev="0" fileid="3" />
                <SequencePoint vc="1" uspid="3078" ordinal="0" offset="1044" sl="124" sc="38" el="124" ec="38" bec="0" bev="0" fileid="3" />
                <SequencePoint vc="10" uspid="3079" ordinal="0" offset="1082" sl="124" sc="18" el="124" ec="18" bec="0" bev="0" fileid="3" />
                <SequencePoint vc="10" uspid="3080" ordinal="0" offset="1117" sl="125" sc="9" el="125" ec="9" bec="0" bev="0" fileid="3" />
                <SequencePoint vc="10" uspid="3081" ordinal="0" offset="1118" sl="126" sc="13" el="126" ec="13" bec="0" bev="0" fileid="3" />
                <SequencePoint vc="10" uspid="3082" ordinal="0" offset="1126" sl="128" sc="13" el="128" ec="13" bec="0" bev="0" fileid="3" />
                <SequencePoint vc="10" uspid="3083" ordinal="0" offset="1127" sl="128" sc="41" el="128" ec="41" bec="0" bev="0" fileid="3" />
                <SequencePoint vc="30" uspid="3084" ordinal="0" offset="1151" sl="128" sc="22" el="128" ec="22" bec="0" bev="0" fileid="3" />
                <SequencePoint vc="30" uspid="3085" ordinal="0" offset="1181" sl="129" sc="13" el="129" ec="13" bec="0" bev="0" fileid="3" />
                <SequencePoint vc="30" uspid="3086" ordinal="0" offset="1182" sl="130" sc="17" el="130" ec="17" bec="0" bev="0" fileid="3" />
                <SequencePoint vc="30" uspid="3087" ordinal="0" offset="1196" sl="131" sc="17" el="131" ec="17" bec="0" bev="0" fileid="3" />
                <SequencePoint vc="20" uspid="3088" ordinal="0" offset="1218" sl="132" sc="17" el="132" ec="17" bec="0" bev="0" fileid="3" />
                <SequencePoint vc="20" uspid="3089" ordinal="0" offset="1219" sl="133" sc="21" el="133" ec="21" bec="0" bev="0" fileid="3" />
                <SequencePoint vc="10" uspid="3090" ordinal="0" offset="1247" sl="134" sc="21" el="134" ec="21" bec="0" bev="0" fileid="3" />
                <SequencePoint vc="10" uspid="3091" ordinal="0" offset="1248" sl="135" sc="25" el="135" ec="25" bec="0" bev="0" fileid="3" />
                <SequencePoint vc="10" uspid="3092" ordinal="0" offset="1271" sl="136" sc="25" el="136" ec="25" bec="0" bev="0" fileid="3" />
                <SequencePoint vc="10" uspid="3093" ordinal="0" offset="1290" sl="138" sc="25" el="138" ec="25" bec="0" bev="0" fileid="3" />
                <SequencePoint vc="10" uspid="3094" ordinal="0" offset="1321" sl="148" sc="21" el="148" ec="21" bec="0" bev="0" fileid="3" />
                <SequencePoint vc="10" uspid="3095" ordinal="0" offset="1340" sl="150" sc="21" el="150" ec="21" bec="0" bev="0" fileid="3" />
                <SequencePoint vc="10" uspid="3096" ordinal="0" offset="1341" sl="151" sc="25" el="151" ec="25" bec="0" bev="0" fileid="3" />
                <SequencePoint vc="10" uspid="3097" ordinal="0" offset="1369" sl="154" sc="25" el="154" ec="25" bec="0" bev="0" fileid="3" />
                <SequencePoint vc="10" uspid="3098" ordinal="0" offset="1388" sl="156" sc="25" el="156" ec="25" bec="0" bev="0" fileid="3" />
                <SequencePoint vc="10" uspid="3099" ordinal="0" offset="1424" sl="185" sc="21" el="185" ec="21" bec="0" bev="0" fileid="3" />
                <SequencePoint vc="20" uspid="3100" ordinal="0" offset="1425" sl="186" sc="17" el="186" ec="17" bec="0" bev="0" fileid="3" />
                <SequencePoint vc="30" uspid="3101" ordinal="0" offset="1426" sl="187" sc="13" el="187" ec="13" bec="0" bev="0" fileid="3" />
                <SequencePoint vc="40" uspid="3102" ordinal="0" offset="1427" sl="128" sc="38" el="128" ec="38" bec="0" bev="0" fileid="3" />
                <SequencePoint vc="10" uspid="3103" ordinal="0" offset="1463" sl="188" sc="9" el="188" ec="9" bec="0" bev="0" fileid="3" />
                <SequencePoint vc="11" uspid="3104" ordinal="0" offset="1464" sl="124" sc="35" el="124" ec="35" bec="0" bev="0" fileid="3" />
                <SequencePoint vc="1" uspid="3105" ordinal="0" offset="1500" sl="189" sc="5" el="189" ec="5" bec="0" bev="0" fileid="3" />
              </SequencePoints>
              <BranchPoints />
            </Method>
            <Method visited="true" cyclomaticComplexity="0" nPathComplexity="0" sequenceCoverage="8.70" branchCoverage="0" crapScore="0" isConstructor="false" isStatic="false" isGetter="false" isSetter="false">
              <Summary numSequencePoints="46" visitedSequencePoints="4" numBranchPoints="0" visitedBranchPoints="0" sequenceCoverage="8.70" branchCoverage="0" maxCyclomaticComplexity="0" minCyclomaticComplexity="0" maxCrapScore="0" minCrapScore="0" visitedClasses="0" numClasses="0" visitedMethods="1" numMethods="1" />
              <MetadataToken>100663300</MetadataToken>
              <Name>System.Void ButtonManager::Update()</Name>
              <FileRef uid="3" />
              <SequencePoints>
                <SequencePoint vc="38" uspid="3106" ordinal="0" offset="0" sl="193" sc="5" el="193" ec="5" bec="0" bev="0" fileid="3" />
                <SequencePoint vc="38" uspid="3107" ordinal="0" offset="1" sl="194" sc="9" el="194" ec="9" bec="0" bev="0" fileid="3" />
                <SequencePoint vc="0" uspid="3108" ordinal="0" offset="14" sl="195" sc="9" el="195" ec="9" bec="0" bev="0" fileid="3" />
                <SequencePoint vc="0" uspid="3109" ordinal="0" offset="15" sl="196" sc="13" el="196" ec="13" bec="0" bev="0" fileid="3" />
                <SequencePoint vc="0" uspid="3110" ordinal="0" offset="25" sl="197" sc="13" el="197" ec="13" bec="0" bev="0" fileid="3" />
                <SequencePoint vc="0" uspid="3111" ordinal="0" offset="26" sl="198" sc="17" el="198" ec="17" bec="0" bev="0" fileid="3" />
                <SequencePoint vc="0" uspid="3112" ordinal="0" offset="43" sl="199" sc="17" el="199" ec="17" bec="0" bev="0" fileid="3" />
                <SequencePoint vc="0" uspid="3113" ordinal="0" offset="44" sl="201" sc="21" el="201" ec="21" bec="0" bev="0" fileid="3" />
                <SequencePoint vc="0" uspid="3114" ordinal="0" offset="65" sl="202" sc="21" el="202" ec="21" bec="0" bev="0" fileid="3" />
                <SequencePoint vc="0" uspid="3115" ordinal="0" offset="84" sl="203" sc="17" el="203" ec="17" bec="0" bev="0" fileid="3" />
                <SequencePoint vc="0" uspid="3116" ordinal="0" offset="85" sl="204" sc="13" el="204" ec="13" bec="0" bev="0" fileid="3" />
                <SequencePoint vc="0" uspid="3117" ordinal="0" offset="91" sl="204" sc="20" el="204" ec="20" bec="0" bev="0" fileid="3" />
                <SequencePoint vc="0" uspid="3118" ordinal="0" offset="106" sl="205" sc="13" el="205" ec="13" bec="0" bev="0" fileid="3" />
                <SequencePoint vc="0" uspid="3119" ordinal="0" offset="107" sl="206" sc="17" el="206" ec="17" bec="0" bev="0" fileid="3" />
                <SequencePoint vc="0" uspid="3120" ordinal="0" offset="129" sl="207" sc="17" el="207" ec="17" bec="0" bev="0" fileid="3" />
                <SequencePoint vc="0" uspid="3121" ordinal="0" offset="144" sl="208" sc="17" el="208" ec="17" bec="0" bev="0" fileid="3" />
                <SequencePoint vc="0" uspid="3122" ordinal="0" offset="158" sl="209" sc="17" el="209" ec="17" bec="0" bev="0" fileid="3" />
                <SequencePoint vc="0" uspid="3123" ordinal="0" offset="159" sl="210" sc="21" el="210" ec="21" bec="0" bev="0" fileid="3" />
                <SequencePoint vc="0" uspid="3124" ordinal="0" offset="172" sl="211" sc="21" el="211" ec="21" bec="0" bev="0" fileid="3" />
                <SequencePoint vc="0" uspid="3125" ordinal="0" offset="210" sl="213" sc="50" el="213" ec="50" bec="0" bev="0" fileid="3" />
                <SequencePoint vc="0" uspid="3126" ordinal="0" offset="227" sl="213" sc="89" el="213" ec="89" bec="0" bev="0" fileid="3" />
                <SequencePoint vc="0" uspid="3127" ordinal="0" offset="229" sl="214" sc="49" el="214" ec="49" bec="0" bev="0" fileid="3" />
                <SequencePoint vc="0" uspid="3128" ordinal="0" offset="246" sl="214" sc="89" el="214" ec="89" bec="0" bev="0" fileid="3" />
                <SequencePoint vc="0" uspid="3129" ordinal="0" offset="248" sl="215" sc="51" el="215" ec="51" bec="0" bev="0" fileid="3" />
                <SequencePoint vc="0" uspid="3130" ordinal="0" offset="265" sl="215" sc="90" el="215" ec="90" bec="0" bev="0" fileid="3" />
                <SequencePoint vc="0" uspid="3131" ordinal="0" offset="267" sl="216" sc="53" el="216" ec="53" bec="0" bev="0" fileid="3" />
                <SequencePoint vc="0" uspid="3132" ordinal="0" offset="284" sl="216" sc="94" el="216" ec="94" bec="0" bev="0" fileid="3" />
                <SequencePoint vc="0" uspid="3133" ordinal="0" offset="286" sl="218" sc="21" el="218" ec="21" bec="0" bev="0" fileid="3" />
                <SequencePoint vc="0" uspid="3134" ordinal="0" offset="325" sl="219" sc="21" el="219" ec="21" bec="0" bev="0" fileid="3" />
                <SequencePoint vc="0" uspid="3135" ordinal="0" offset="364" sl="220" sc="21" el="220" ec="21" bec="0" bev="0" fileid="3" />
                <SequencePoint vc="0" uspid="3136" ordinal="0" offset="383" sl="221" sc="21" el="221" ec="21" bec="0" bev="0" fileid="3" />
                <SequencePoint vc="0" uspid="3137" ordinal="0" offset="390" sl="222" sc="21" el="222" ec="21" bec="0" bev="0" fileid="3" />
                <SequencePoint vc="0" uspid="3138" ordinal="0" offset="397" sl="223" sc="21" el="223" ec="21" bec="0" bev="0" fileid="3" />
                <SequencePoint vc="0" uspid="3139" ordinal="0" offset="405" sl="224" sc="17" el="224" ec="17" bec="0" bev="0" fileid="3" />
                <SequencePoint vc="0" uspid="3140" ordinal="0" offset="406" sl="225" sc="13" el="225" ec="13" bec="0" bev="0" fileid="3" />
                <SequencePoint vc="0" uspid="3141" ordinal="0" offset="407" sl="226" sc="9" el="226" ec="9" bec="0" bev="0" fileid="3" />
                <SequencePoint vc="38" uspid="3142" ordinal="0" offset="408" sl="227" sc="9" el="227" ec="9" bec="0" bev="0" fileid="3" />
                <SequencePoint vc="0" uspid="3143" ordinal="0" offset="423" sl="228" sc="9" el="228" ec="9" bec="0" bev="0" fileid="3" />
                <SequencePoint vc="0" uspid="3144" ordinal="0" offset="424" sl="229" sc="13" el="229" ec="13" bec="0" bev="0" fileid="3" />
                <SequencePoint vc="0" uspid="3145" ordinal="0" offset="439" sl="230" sc="13" el="230" ec="13" bec="0" bev="0" fileid="3" />
                <SequencePoint vc="0" uspid="3146" ordinal="0" offset="440" sl="231" sc="17" el="231" ec="17" bec="0" bev="0" fileid="3" />
                <SequencePoint vc="0" uspid="3147" ordinal="0" offset="483" sl="232" sc="17" el="232" ec="17" bec="0" bev="0" fileid="3" />
                <SequencePoint vc="0" uspid="3148" ordinal="0" offset="526" sl="233" sc="17" el="233" ec="17" bec="0" bev="0" fileid="3" />
                <SequencePoint vc="0" uspid="3149" ordinal="0" offset="549" sl="234" sc="13" el="234" ec="13" bec="0" bev="0" fileid="3" />
                <SequencePoint vc="0" uspid="3150" ordinal="0" offset="550" sl="235" sc="9" el="235" ec="9" bec="0" bev="0" fileid="3" />
                <SequencePoint vc="38" uspid="3151" ordinal="0" offset="551" sl="237" sc="5" el="237" ec="5" bec="0" bev="0" fileid="3" />
              </SequencePoints>
              <BranchPoints />
            </Method>
            <Method visited="true" cyclomaticComplexity="0" nPathComplexity="0" sequenceCoverage="100.0" branchCoverage="0" crapScore="0" isConstructor="true" isStatic="false" isGetter="false" isSetter="false">
              <Summary numSequencePoints="3" visitedSequencePoints="3" numBranchPoints="0" visitedBranchPoints="0" sequenceCoverage="100.0" branchCoverage="0" maxCyclomaticComplexity="0" minCyclomaticComplexity="0" maxCrapScore="0" minCrapScore="0" visitedClasses="0" numClasses="0" visitedMethods="1" numMethods="1" />
              <MetadataToken>100663314</MetadataToken>
              <Name>ButtonManager::ButtonManager()</Name>
              <FileRef uid="3" />
              <SequencePoints>
                <SequencePoint vc="1" uspid="3296" ordinal="0" offset="0" sl="39" sc="5" el="39" ec="5" bec="0" bev="0" fileid="3" />
                <SequencePoint vc="1" uspid="3297" ordinal="0" offset="7" sl="43" sc="5" el="43" ec="5" bec="0" bev="0" fileid="3" />
                <SequencePoint vc="1" uspid="3298" ordinal="0" offset="14" sl="44" sc="5" el="44" ec="5" bec="0" bev="0" fileid="3" />
              </SequencePoints>
              <BranchPoints />
            </Method>
          </Methods>
        </Class>
        <Class>
          <Summary numSequencePoints="14" visitedSequencePoints="7" numBranchPoints="0" visitedBranchPoints="0" sequenceCoverage="50.00" branchCoverage="0.0" maxCyclomaticComplexity="0" minCyclomaticComplexity="0" maxCrapScore="0" minCrapScore="0" visitedClasses="1" numClasses="1" visitedMethods="2" numMethods="2" />
          <FullName>CameraController</FullName>
          <Methods>
            <Method visited="true" cyclomaticComplexity="0" nPathComplexity="0" sequenceCoverage="100.0" branchCoverage="0" crapScore="0" isConstructor="false" isStatic="false" isGetter="false" isSetter="false">
              <Summary numSequencePoints="3" visitedSequencePoints="3" numBranchPoints="0" visitedBranchPoints="0" sequenceCoverage="100.0" branchCoverage="0" maxCyclomaticComplexity="0" minCyclomaticComplexity="0" maxCrapScore="0" minCrapScore="0" visitedClasses="0" numClasses="0" visitedMethods="1" numMethods="1" />
              <MetadataToken>100663318</MetadataToken>
              <Name>System.Void CameraController::Update()</Name>
              <FileRef uid="4" />
              <SequencePoints>
                <SequencePoint vc="38" uspid="3299" ordinal="0" offset="0" sl="10" sc="5" el="10" ec="5" bec="0" bev="0" fileid="4" />
                <SequencePoint vc="38" uspid="3300" ordinal="0" offset="1" sl="11" sc="9" el="11" ec="9" bec="0" bev="0" fileid="4" />
                <SequencePoint vc="38" uspid="3301" ordinal="0" offset="8" sl="12" sc="5" el="12" ec="5" bec="0" bev="0" fileid="4" />
              </SequencePoints>
              <BranchPoints />
            </Method>
            <Method visited="true" cyclomaticComplexity="0" nPathComplexity="0" sequenceCoverage="36.36" branchCoverage="0" crapScore="0" isConstructor="false" isStatic="false" isGetter="false" isSetter="false">
              <Summary numSequencePoints="11" visitedSequencePoints="4" numBranchPoints="0" visitedBranchPoints="0" sequenceCoverage="36.36" branchCoverage="0" maxCyclomaticComplexity="0" minCyclomaticComplexity="0" maxCrapScore="0" minCrapScore="0" visitedClasses="0" numClasses="0" visitedMethods="1" numMethods="1" />
              <MetadataToken>100663319</MetadataToken>
              <Name>System.Void CameraController::PanCamera()</Name>
              <FileRef uid="4" />
              <SequencePoints>
                <SequencePoint vc="38" uspid="3302" ordinal="0" offset="0" sl="15" sc="5" el="15" ec="5" bec="0" bev="0" fileid="4" />
                <SequencePoint vc="38" uspid="3303" ordinal="0" offset="1" sl="17" sc="9" el="17" ec="9" bec="0" bev="0" fileid="4" />
                <SequencePoint vc="0" uspid="3304" ordinal="0" offset="11" sl="18" sc="9" el="18" ec="9" bec="0" bev="0" fileid="4" />
                <SequencePoint vc="0" uspid="3305" ordinal="0" offset="12" sl="19" sc="13" el="19" ec="13" bec="0" bev="0" fileid="4" />
                <SequencePoint vc="0" uspid="3306" ordinal="0" offset="34" sl="20" sc="9" el="20" ec="9" bec="0" bev="0" fileid="4" />
                <SequencePoint vc="38" uspid="3307" ordinal="0" offset="35" sl="23" sc="9" el="23" ec="9" bec="0" bev="0" fileid="4" />
                <SequencePoint vc="0" uspid="3308" ordinal="0" offset="45" sl="24" sc="9" el="24" ec="9" bec="0" bev="0" fileid="4" />
                <SequencePoint vc="0" uspid="3309" ordinal="0" offset="46" sl="25" sc="13" el="25" ec="13" bec="0" bev="0" fileid="4" />
                <SequencePoint vc="0" uspid="3310" ordinal="0" offset="74" sl="26" sc="13" el="26" ec="13" bec="0" bev="0" fileid="4" />
                <SequencePoint vc="0" uspid="3311" ordinal="0" offset="103" sl="27" sc="9" el="27" ec="9" bec="0" bev="0" fileid="4" />
                <SequencePoint vc="38" uspid="3312" ordinal="0" offset="104" sl="28" sc="5" el="28" ec="5" bec="0" bev="0" fileid="4" />
              </SequencePoints>
              <BranchPoints />
            </Method>
          </Methods>
        </Class>
        <Class>
          <Summary numSequencePoints="6" visitedSequencePoints="6" numBranchPoints="0" visitedBranchPoints="0" sequenceCoverage="100.0" branchCoverage="0.0" maxCyclomaticComplexity="0" minCyclomaticComplexity="0" maxCrapScore="0" minCrapScore="0" visitedClasses="1" numClasses="1" visitedMethods="2" numMethods="2" />
          <FullName>Entity</FullName>
          <Methods>
            <Method visited="true" cyclomaticComplexity="0" nPathComplexity="0" sequenceCoverage="100.0" branchCoverage="0" crapScore="0" isConstructor="false" isStatic="false" isGetter="true" isSetter="false">
              <Summary numSequencePoints="1" visitedSequencePoints="1" numBranchPoints="0" visitedBranchPoints="0" sequenceCoverage="100.0" branchCoverage="0" maxCyclomaticComplexity="0" minCyclomaticComplexity="0" maxCrapScore="0" minCrapScore="0" visitedClasses="0" numClasses="0" visitedMethods="1" numMethods="1" />
              <MetadataToken>100663322</MetadataToken>
              <Name>UnityEngine.Vector2 Entity::get_Position()</Name>
              <FileRef uid="5" />
              <SequencePoints>
                <SequencePoint vc="28" uspid="3313" ordinal="0" offset="0" sl="21" sc="16" el="21" ec="16" bec="0" bev="0" fileid="5" />
              </SequencePoints>
              <BranchPoints />
            </Method>
            <Method visited="true" cyclomaticComplexity="0" nPathComplexity="0" sequenceCoverage="100.0" branchCoverage="0" crapScore="0" isConstructor="true" isStatic="false" isGetter="false" isSetter="false">
              <Summary numSequencePoints="5" visitedSequencePoints="5" numBranchPoints="0" visitedBranchPoints="0" sequenceCoverage="100.0" branchCoverage="0" maxCyclomaticComplexity="0" minCyclomaticComplexity="0" maxCrapScore="0" minCrapScore="0" visitedClasses="0" numClasses="0" visitedMethods="1" numMethods="1" />
              <MetadataToken>100663321</MetadataToken>
              <Name>Entity::Entity(UnityEngine.Vector2)</Name>
              <FileRef uid="5" />
              <SequencePoints>
                <SequencePoint vc="20" uspid="3314" ordinal="0" offset="0" sl="14" sc="5" el="14" ec="5" bec="0" bev="0" fileid="5" />
                <SequencePoint vc="20" uspid="3315" ordinal="0" offset="7" sl="15" sc="5" el="15" ec="5" bec="0" bev="0" fileid="5" />
                <SequencePoint vc="20" uspid="3316" ordinal="0" offset="8" sl="16" sc="9" el="16" ec="9" bec="0" bev="0" fileid="5" />
                <SequencePoint vc="20" uspid="3317" ordinal="0" offset="15" sl="17" sc="9" el="17" ec="9" bec="0" bev="0" fileid="5" />
                <SequencePoint vc="20" uspid="3318" ordinal="0" offset="22" sl="18" sc="5" el="18" ec="5" bec="0" bev="0" fileid="5" />
              </SequencePoints>
              <BranchPoints />
            </Method>
          </Methods>
        </Class>
        <Class>
          <Summary numSequencePoints="3" visitedSequencePoints="3" numBranchPoints="0" visitedBranchPoints="0" sequenceCoverage="100.0" branchCoverage="0.0" maxCyclomaticComplexity="0" minCyclomaticComplexity="0" maxCrapScore="0" minCrapScore="0" visitedClasses="1" numClasses="1" visitedMethods="1" numMethods="1" />
          <FullName>Hill</FullName>
          <Methods>
            <Method visited="true" cyclomaticComplexity="0" nPathComplexity="0" sequenceCoverage="100.0" branchCoverage="0" crapScore="0" isConstructor="true" isStatic="false" isGetter="false" isSetter="false">
              <Summary numSequencePoints="3" visitedSequencePoints="3" numBranchPoints="0" visitedBranchPoints="0" sequenceCoverage="100.0" branchCoverage="0" maxCyclomaticComplexity="0" minCyclomaticComplexity="0" maxCrapScore="0" minCrapScore="0" visitedClasses="0" numClasses="0" visitedMethods="1" numMethods="1" />
              <MetadataToken>100663323</MetadataToken>
              <Name>Hill::Hill(UnityEngine.Vector2)</Name>
              <FileRef uid="6" />
              <SequencePoints>
                <SequencePoint vc="3" uspid="3319" ordinal="0" offset="0" sl="5" sc="42" el="5" ec="42" bec="0" bev="0" fileid="6" />
                <SequencePoint vc="3" uspid="3320" ordinal="0" offset="8" sl="6" sc="5" el="6" ec="5" bec="0" bev="0" fileid="6" />
                <SequencePoint vc="3" uspid="3321" ordinal="0" offset="9" sl="7" sc="5" el="7" ec="5" bec="0" bev="0" fileid="6" />
              </SequencePoints>
              <BranchPoints />
            </Method>
          </Methods>
        </Class>
        <Class>
          <Summary numSequencePoints="604" visitedSequencePoints="399" numBranchPoints="0" visitedBranchPoints="0" sequenceCoverage="66.06" branchCoverage="0.0" maxCyclomaticComplexity="0" minCyclomaticComplexity="0" maxCrapScore="0" minCrapScore="0" visitedClasses="1" numClasses="1" visitedMethods="21" numMethods="21" />
          <FullName>Model</FullName>
          <Methods>
            <Method visited="true" cyclomaticComplexity="0" nPathComplexity="0" sequenceCoverage="95.62" branchCoverage="0" crapScore="0" isConstructor="false" isStatic="false" isGetter="false" isSetter="false">
              <Summary numSequencePoints="137" visitedSequencePoints="131" numBranchPoints="0" visitedBranchPoints="0" sequenceCoverage="95.62" branchCoverage="0" maxCyclomaticComplexity="0" minCyclomaticComplexity="0" maxCrapScore="0" minCrapScore="0" visitedClasses="0" numClasses="0" visitedMethods="1" numMethods="1" />
              <MetadataToken>100663337</MetadataToken>
              <Name>System.Void Model::Start()</Name>
              <FileRef uid="10" />
              <SequencePoints>
                <SequencePoint vc="1" uspid="3389" ordinal="0" offset="0" sl="82" sc="5" el="82" ec="5" bec="0" bev="0" fileid="10" />
                <SequencePoint vc="1" uspid="3390" ordinal="0" offset="1" sl="83" sc="9" el="83" ec="9" bec="0" bev="0" fileid="10" />
                <SequencePoint vc="1" uspid="3391" ordinal="0" offset="12" sl="84" sc="9" el="84" ec="9" bec="0" bev="0" fileid="10" />
                <SequencePoint vc="1" uspid="3392" ordinal="0" offset="23" sl="85" sc="9" el="85" ec="9" bec="0" bev="0" fileid="10" />
                <SequencePoint vc="1" uspid="3393" ordinal="0" offset="34" sl="86" sc="9" el="86" ec="9" bec="0" bev="0" fileid="10" />
                <SequencePoint vc="1" uspid="3394" ordinal="0" offset="61" sl="87" sc="9" el="87" ec="9" bec="0" bev="0" fileid="10" />
                <SequencePoint vc="1" uspid="3395" ordinal="0" offset="73" sl="88" sc="9" el="88" ec="9" bec="0" bev="0" fileid="10" />
                <SequencePoint vc="1" uspid="3396" ordinal="0" offset="100" sl="89" sc="9" el="89" ec="9" bec="0" bev="0" fileid="10" />
                <SequencePoint vc="1" uspid="3397" ordinal="0" offset="112" sl="90" sc="9" el="90" ec="9" bec="0" bev="0" fileid="10" />
                <SequencePoint vc="1" uspid="3398" ordinal="0" offset="133" sl="91" sc="9" el="91" ec="9" bec="0" bev="0" fileid="10" />
                <SequencePoint vc="1" uspid="3399" ordinal="0" offset="166" sl="92" sc="9" el="92" ec="9" bec="0" bev="0" fileid="10" />
                <SequencePoint vc="1" uspid="3400" ordinal="0" offset="179" sl="93" sc="9" el="93" ec="9" bec="0" bev="0" fileid="10" />
                <SequencePoint vc="1" uspid="3401" ordinal="0" offset="192" sl="94" sc="9" el="94" ec="9" bec="0" bev="0" fileid="10" />
                <SequencePoint vc="1" uspid="3402" ordinal="0" offset="205" sl="97" sc="9" el="97" ec="9" bec="0" bev="0" fileid="10" />
                <SequencePoint vc="1" uspid="3403" ordinal="0" offset="221" sl="98" sc="9" el="98" ec="9" bec="0" bev="0" fileid="10" />
                <SequencePoint vc="1" uspid="3404" ordinal="0" offset="228" sl="99" sc="9" el="99" ec="9" bec="0" bev="0" fileid="10" />
                <SequencePoint vc="1" uspid="3405" ordinal="0" offset="236" sl="100" sc="9" el="100" ec="9" bec="0" bev="0" fileid="10" />
                <SequencePoint vc="1" uspid="3406" ordinal="0" offset="243" sl="101" sc="9" el="101" ec="9" bec="0" bev="0" fileid="10" />
                <SequencePoint vc="1" uspid="3407" ordinal="0" offset="250" sl="102" sc="9" el="102" ec="9" bec="0" bev="0" fileid="10" />
                <SequencePoint vc="1" uspid="3408" ordinal="0" offset="257" sl="106" sc="9" el="106" ec="9" bec="0" bev="0" fileid="10" />
                <SequencePoint vc="1" uspid="3409" ordinal="0" offset="268" sl="107" sc="9" el="107" ec="9" bec="0" bev="0" fileid="10" />
                <SequencePoint vc="1" uspid="3410" ordinal="0" offset="289" sl="108" sc="9" el="108" ec="9" bec="0" bev="0" fileid="10" />
                <SequencePoint vc="1" uspid="3411" ordinal="0" offset="311" sl="109" sc="9" el="109" ec="9" bec="0" bev="0" fileid="10" />
                <SequencePoint vc="1" uspid="3412" ordinal="0" offset="333" sl="110" sc="9" el="110" ec="9" bec="0" bev="0" fileid="10" />
                <SequencePoint vc="1" uspid="3413" ordinal="0" offset="346" sl="111" sc="9" el="111" ec="9" bec="0" bev="0" fileid="10" />
                <SequencePoint vc="1" uspid="3414" ordinal="0" offset="360" sl="112" sc="9" el="112" ec="9" bec="0" bev="0" fileid="10" />
                <SequencePoint vc="1" uspid="3415" ordinal="0" offset="374" sl="113" sc="9" el="113" ec="9" bec="0" bev="0" fileid="10" />
                <SequencePoint vc="1" uspid="3416" ordinal="0" offset="375" sl="113" sc="31" el="113" ec="31" bec="0" bev="0" fileid="10" />
                <SequencePoint vc="3" uspid="3417" ordinal="0" offset="390" sl="113" sc="18" el="113" ec="18" bec="0" bev="0" fileid="10" />
                <SequencePoint vc="3" uspid="3418" ordinal="0" offset="399" sl="114" sc="9" el="114" ec="9" bec="0" bev="0" fileid="10" />
                <SequencePoint vc="3" uspid="3419" ordinal="0" offset="400" sl="115" sc="13" el="115" ec="13" bec="0" bev="0" fileid="10" />
                <SequencePoint vc="3" uspid="3420" ordinal="0" offset="435" sl="116" sc="9" el="116" ec="9" bec="0" bev="0" fileid="10" />
                <SequencePoint vc="4" uspid="3421" ordinal="0" offset="436" sl="113" sc="28" el="113" ec="28" bec="0" bev="0" fileid="10" />
                <SequencePoint vc="1" uspid="3422" ordinal="0" offset="462" sl="118" sc="9" el="118" ec="9" bec="0" bev="0" fileid="10" />
                <SequencePoint vc="1" uspid="3423" ordinal="0" offset="473" sl="119" sc="9" el="119" ec="9" bec="0" bev="0" fileid="10" />
                <SequencePoint vc="1" uspid="3424" ordinal="0" offset="495" sl="120" sc="9" el="120" ec="9" bec="0" bev="0" fileid="10" />
                <SequencePoint vc="1" uspid="3425" ordinal="0" offset="517" sl="121" sc="9" el="121" ec="9" bec="0" bev="0" fileid="10" />
                <SequencePoint vc="1" uspid="3426" ordinal="0" offset="531" sl="122" sc="9" el="122" ec="9" bec="0" bev="0" fileid="10" />
                <SequencePoint vc="1" uspid="3427" ordinal="0" offset="545" sl="123" sc="9" el="123" ec="9" bec="0" bev="0" fileid="10" />
                <SequencePoint vc="1" uspid="3428" ordinal="0" offset="546" sl="123" sc="33" el="123" ec="33" bec="0" bev="0" fileid="10" />
                <SequencePoint vc="2" uspid="3429" ordinal="0" offset="561" sl="123" sc="18" el="123" ec="18" bec="0" bev="0" fileid="10" />
                <SequencePoint vc="2" uspid="3430" ordinal="0" offset="570" sl="124" sc="9" el="124" ec="9" bec="0" bev="0" fileid="10" />
                <SequencePoint vc="2" uspid="3431" ordinal="0" offset="571" sl="125" sc="13" el="125" ec="13" bec="0" bev="0" fileid="10" />
                <SequencePoint vc="2" uspid="3432" ordinal="0" offset="606" sl="127" sc="9" el="127" ec="9" bec="0" bev="0" fileid="10" />
                <SequencePoint vc="3" uspid="3433" ordinal="0" offset="607" sl="123" sc="30" el="123" ec="30" bec="0" bev="0" fileid="10" />
                <SequencePoint vc="1" uspid="3434" ordinal="0" offset="633" sl="129" sc="9" el="129" ec="9" bec="0" bev="0" fileid="10" />
                <SequencePoint vc="1" uspid="3435" ordinal="0" offset="644" sl="130" sc="9" el="130" ec="9" bec="0" bev="0" fileid="10" />
                <SequencePoint vc="1" uspid="3436" ordinal="0" offset="666" sl="131" sc="9" el="131" ec="9" bec="0" bev="0" fileid="10" />
                <SequencePoint vc="1" uspid="3437" ordinal="0" offset="680" sl="132" sc="9" el="132" ec="9" bec="0" bev="0" fileid="10" />
                <SequencePoint vc="1" uspid="3438" ordinal="0" offset="681" sl="132" sc="31" el="132" ec="31" bec="0" bev="0" fileid="10" />
                <SequencePoint vc="1" uspid="3439" ordinal="0" offset="696" sl="132" sc="18" el="132" ec="18" bec="0" bev="0" fileid="10" />
                <SequencePoint vc="1" uspid="3440" ordinal="0" offset="705" sl="133" sc="9" el="133" ec="9" bec="0" bev="0" fileid="10" />
                <SequencePoint vc="1" uspid="3441" ordinal="0" offset="706" sl="134" sc="13" el="134" ec="13" bec="0" bev="0" fileid="10" />
                <SequencePoint vc="1" uspid="3442" ordinal="0" offset="741" sl="136" sc="9" el="136" ec="9" bec="0" bev="0" fileid="10" />
                <SequencePoint vc="2" uspid="3443" ordinal="0" offset="742" sl="132" sc="28" el="132" ec="28" bec="0" bev="0" fileid="10" />
                <SequencePoint vc="1" uspid="3444" ordinal="0" offset="768" sl="138" sc="9" el="138" ec="9" bec="0" bev="0" fileid="10" />
                <SequencePoint vc="1" uspid="3445" ordinal="0" offset="779" sl="139" sc="9" el="139" ec="9" bec="0" bev="0" fileid="10" />
                <SequencePoint vc="1" uspid="3446" ordinal="0" offset="801" sl="140" sc="9" el="140" ec="9" bec="0" bev="0" fileid="10" />
                <SequencePoint vc="1" uspid="3447" ordinal="0" offset="823" sl="141" sc="9" el="141" ec="9" bec="0" bev="0" fileid="10" />
                <SequencePoint vc="1" uspid="3448" ordinal="0" offset="845" sl="142" sc="9" el="142" ec="9" bec="0" bev="0" fileid="10" />
                <SequencePoint vc="1" uspid="3449" ordinal="0" offset="867" sl="143" sc="9" el="143" ec="9" bec="0" bev="0" fileid="10" />
                <SequencePoint vc="1" uspid="3450" ordinal="0" offset="881" sl="144" sc="9" el="144" ec="9" bec="0" bev="0" fileid="10" />
                <SequencePoint vc="1" uspid="3451" ordinal="0" offset="895" sl="145" sc="9" el="145" ec="9" bec="0" bev="0" fileid="10" />
                <SequencePoint vc="1" uspid="3452" ordinal="0" offset="909" sl="146" sc="9" el="146" ec="9" bec="0" bev="0" fileid="10" />
                <SequencePoint vc="1" uspid="3453" ordinal="0" offset="923" sl="147" sc="9" el="147" ec="9" bec="0" bev="0" fileid="10" />
                <SequencePoint vc="1" uspid="3454" ordinal="0" offset="924" sl="147" sc="33" el="147" ec="33" bec="0" bev="0" fileid="10" />
                <SequencePoint vc="4" uspid="3455" ordinal="0" offset="942" sl="147" sc="18" el="147" ec="18" bec="0" bev="0" fileid="10" />
                <SequencePoint vc="4" uspid="3456" ordinal="0" offset="951" sl="148" sc="9" el="148" ec="9" bec="0" bev="0" fileid="10" />
                <SequencePoint vc="4" uspid="3457" ordinal="0" offset="952" sl="149" sc="13" el="149" ec="13" bec="0" bev="0" fileid="10" />
                <SequencePoint vc="2" uspid="3458" ordinal="0" offset="980" sl="150" sc="13" el="150" ec="13" bec="0" bev="0" fileid="10" />
                <SequencePoint vc="2" uspid="3459" ordinal="0" offset="981" sl="151" sc="17" el="151" ec="17" bec="0" bev="0" fileid="10" />
                <SequencePoint vc="2" uspid="3460" ordinal="0" offset="1016" sl="152" sc="13" el="152" ec="13" bec="0" bev="0" fileid="10" />
                <SequencePoint vc="2" uspid="3461" ordinal="0" offset="1019" sl="152" sc="20" el="152" ec="20" bec="0" bev="0" fileid="10" />
                <SequencePoint vc="1" uspid="3462" ordinal="0" offset="1047" sl="153" sc="13" el="153" ec="13" bec="0" bev="0" fileid="10" />
                <SequencePoint vc="1" uspid="3463" ordinal="0" offset="1048" sl="154" sc="17" el="154" ec="17" bec="0" bev="0" fileid="10" />
                <SequencePoint vc="1" uspid="3464" ordinal="0" offset="1083" sl="155" sc="13" el="155" ec="13" bec="0" bev="0" fileid="10" />
                <SequencePoint vc="1" uspid="3465" ordinal="0" offset="1086" sl="156" sc="13" el="156" ec="13" bec="0" bev="0" fileid="10" />
                <SequencePoint vc="1" uspid="3466" ordinal="0" offset="1087" sl="157" sc="17" el="157" ec="17" bec="0" bev="0" fileid="10" />
                <SequencePoint vc="1" uspid="3467" ordinal="0" offset="1122" sl="158" sc="13" el="158" ec="13" bec="0" bev="0" fileid="10" />
                <SequencePoint vc="4" uspid="3468" ordinal="0" offset="1123" sl="160" sc="9" el="160" ec="9" bec="0" bev="0" fileid="10" />
                <SequencePoint vc="5" uspid="3469" ordinal="0" offset="1124" sl="147" sc="30" el="147" ec="30" bec="0" bev="0" fileid="10" />
                <SequencePoint vc="1" uspid="3470" ordinal="0" offset="1153" sl="162" sc="9" el="162" ec="9" bec="0" bev="0" fileid="10" />
                <SequencePoint vc="1" uspid="3471" ordinal="0" offset="1164" sl="163" sc="9" el="163" ec="9" bec="0" bev="0" fileid="10" />
                <SequencePoint vc="1" uspid="3472" ordinal="0" offset="1187" sl="164" sc="9" el="164" ec="9" bec="0" bev="0" fileid="10" />
                <SequencePoint vc="1" uspid="3473" ordinal="0" offset="1210" sl="165" sc="9" el="165" ec="9" bec="0" bev="0" fileid="10" />
                <SequencePoint vc="1" uspid="3474" ordinal="0" offset="1233" sl="166" sc="9" el="166" ec="9" bec="0" bev="0" fileid="10" />
                <SequencePoint vc="1" uspid="3475" ordinal="0" offset="1256" sl="167" sc="9" el="167" ec="9" bec="0" bev="0" fileid="10" />
                <SequencePoint vc="1" uspid="3476" ordinal="0" offset="1270" sl="168" sc="9" el="168" ec="9" bec="0" bev="0" fileid="10" />
                <SequencePoint vc="1" uspid="3477" ordinal="0" offset="1284" sl="169" sc="9" el="169" ec="9" bec="0" bev="0" fileid="10" />
                <SequencePoint vc="1" uspid="3478" ordinal="0" offset="1298" sl="170" sc="9" el="170" ec="9" bec="0" bev="0" fileid="10" />
                <SequencePoint vc="1" uspid="3479" ordinal="0" offset="1312" sl="171" sc="9" el="171" ec="9" bec="0" bev="0" fileid="10" />
                <SequencePoint vc="1" uspid="3480" ordinal="0" offset="1313" sl="171" sc="40" el="171" ec="40" bec="0" bev="0" fileid="10" />
                <SequencePoint vc="4" uspid="3481" ordinal="0" offset="1331" sl="171" sc="18" el="171" ec="18" bec="0" bev="0" fileid="10" />
                <SequencePoint vc="4" uspid="3482" ordinal="0" offset="1340" sl="172" sc="9" el="172" ec="9" bec="0" bev="0" fileid="10" />
                <SequencePoint vc="4" uspid="3483" ordinal="0" offset="1341" sl="173" sc="13" el="173" ec="13" bec="0" bev="0" fileid="10" />
                <SequencePoint vc="1" uspid="3484" ordinal="0" offset="1380" sl="174" sc="13" el="174" ec="13" bec="0" bev="0" fileid="10" />
                <SequencePoint vc="1" uspid="3485" ordinal="0" offset="1381" sl="175" sc="17" el="175" ec="17" bec="0" bev="0" fileid="10" />
                <SequencePoint vc="1" uspid="3486" ordinal="0" offset="1416" sl="176" sc="13" el="176" ec="13" bec="0" bev="0" fileid="10" />
                <SequencePoint vc="3" uspid="3487" ordinal="0" offset="1422" sl="176" sc="20" el="176" ec="20" bec="0" bev="0" fileid="10" />
                <SequencePoint vc="1" uspid="3488" ordinal="0" offset="1461" sl="177" sc="13" el="177" ec="13" bec="0" bev="0" fileid="10" />
                <SequencePoint vc="1" uspid="3489" ordinal="0" offset="1462" sl="178" sc="17" el="178" ec="17" bec="0" bev="0" fileid="10" />
                <SequencePoint vc="1" uspid="3490" ordinal="0" offset="1497" sl="179" sc="13" el="179" ec="13" bec="0" bev="0" fileid="10" />
                <SequencePoint vc="2" uspid="3491" ordinal="0" offset="1500" sl="179" sc="20" el="179" ec="20" bec="0" bev="0" fileid="10" />
                <SequencePoint vc="1" uspid="3492" ordinal="0" offset="1539" sl="180" sc="13" el="180" ec="13" bec="0" bev="0" fileid="10" />
                <SequencePoint vc="1" uspid="3493" ordinal="0" offset="1540" sl="181" sc="17" el="181" ec="17" bec="0" bev="0" fileid="10" />
                <SequencePoint vc="1" uspid="3494" ordinal="0" offset="1575" sl="182" sc="13" el="182" ec="13" bec="0" bev="0" fileid="10" />
                <SequencePoint vc="1" uspid="3495" ordinal="0" offset="1578" sl="183" sc="13" el="183" ec="13" bec="0" bev="0" fileid="10" />
                <SequencePoint vc="1" uspid="3496" ordinal="0" offset="1579" sl="184" sc="17" el="184" ec="17" bec="0" bev="0" fileid="10" />
                <SequencePoint vc="1" uspid="3497" ordinal="0" offset="1614" sl="185" sc="13" el="185" ec="13" bec="0" bev="0" fileid="10" />
                <SequencePoint vc="4" uspid="3498" ordinal="0" offset="1615" sl="186" sc="9" el="186" ec="9" bec="0" bev="0" fileid="10" />
                <SequencePoint vc="5" uspid="3499" ordinal="0" offset="1616" sl="171" sc="37" el="171" ec="37" bec="0" bev="0" fileid="10" />
                <SequencePoint vc="1" uspid="3500" ordinal="0" offset="1645" sl="188" sc="9" el="188" ec="9" bec="0" bev="0" fileid="10" />
                <SequencePoint vc="1" uspid="3501" ordinal="0" offset="1656" sl="189" sc="9" el="189" ec="9" bec="0" bev="0" fileid="10" />
                <SequencePoint vc="1" uspid="3502" ordinal="0" offset="1688" sl="190" sc="9" el="190" ec="9" bec="0" bev="0" fileid="10" />
                <SequencePoint vc="1" uspid="3503" ordinal="0" offset="1702" sl="191" sc="9" el="191" ec="9" bec="0" bev="0" fileid="10" />
                <SequencePoint vc="1" uspid="3504" ordinal="0" offset="1737" sl="192" sc="9" el="192" ec="9" bec="0" bev="0" fileid="10" />
                <SequencePoint vc="1" uspid="3505" ordinal="0" offset="1759" sl="194" sc="9" el="194" ec="9" bec="0" bev="0" fileid="10" />
                <SequencePoint vc="1" uspid="3506" ordinal="0" offset="1770" sl="196" sc="9" el="196" ec="9" bec="0" bev="0" fileid="10" />
                <SequencePoint vc="1" uspid="3507" ordinal="0" offset="1781" sl="199" sc="9" el="199" ec="9" bec="0" bev="0" fileid="10" />
                <SequencePoint vc="1" uspid="3508" ordinal="0" offset="1788" sl="200" sc="9" el="200" ec="9" bec="0" bev="0" fileid="10" />
                <SequencePoint vc="1" uspid="3509" ordinal="0" offset="1795" sl="201" sc="9" el="201" ec="9" bec="0" bev="0" fileid="10" />
                <SequencePoint vc="1" uspid="3510" ordinal="0" offset="1802" sl="202" sc="9" el="202" ec="9" bec="0" bev="0" fileid="10" />
                <SequencePoint vc="0" uspid="3511" ordinal="0" offset="1837" sl="205" sc="17" el="205" ec="17" bec="0" bev="0" fileid="10" />
                <SequencePoint vc="0" uspid="3512" ordinal="0" offset="1845" sl="206" sc="17" el="206" ec="17" bec="0" bev="0" fileid="10" />
                <SequencePoint vc="0" uspid="3513" ordinal="0" offset="1856" sl="207" sc="17" el="207" ec="17" bec="0" bev="0" fileid="10" />
                <SequencePoint vc="0" uspid="3514" ordinal="0" offset="1858" sl="209" sc="17" el="209" ec="17" bec="0" bev="0" fileid="10" />
                <SequencePoint vc="0" uspid="3515" ordinal="0" offset="1869" sl="210" sc="17" el="210" ec="17" bec="0" bev="0" fileid="10" />
                <SequencePoint vc="0" uspid="3516" ordinal="0" offset="1880" sl="211" sc="17" el="211" ec="17" bec="0" bev="0" fileid="10" />
                <SequencePoint vc="1" uspid="3517" ordinal="0" offset="1882" sl="213" sc="17" el="213" ec="17" bec="0" bev="0" fileid="10" />
                <SequencePoint vc="1" uspid="3518" ordinal="0" offset="1893" sl="214" sc="17" el="214" ec="17" bec="0" bev="0" fileid="10" />
                <SequencePoint vc="1" uspid="3519" ordinal="0" offset="1904" sl="215" sc="17" el="215" ec="17" bec="0" bev="0" fileid="10" />
                <SequencePoint vc="1" uspid="3520" ordinal="0" offset="1906" sl="219" sc="9" el="219" ec="9" bec="0" bev="0" fileid="10" />
                <SequencePoint vc="1" uspid="3521" ordinal="0" offset="1919" sl="220" sc="9" el="220" ec="9" bec="0" bev="0" fileid="10" />
                <SequencePoint vc="1" uspid="3522" ordinal="0" offset="1932" sl="221" sc="9" el="221" ec="9" bec="0" bev="0" fileid="10" />
                <SequencePoint vc="1" uspid="3523" ordinal="0" offset="1945" sl="222" sc="9" el="222" ec="9" bec="0" bev="0" fileid="10" />
                <SequencePoint vc="1" uspid="3524" ordinal="0" offset="1958" sl="223" sc="9" el="223" ec="9" bec="0" bev="0" fileid="10" />
                <SequencePoint vc="1" uspid="3525" ordinal="0" offset="1965" sl="224" sc="5" el="224" ec="5" bec="0" bev="0" fileid="10" />
              </SequencePoints>
              <BranchPoints />
            </Method>
            <Method visited="true" cyclomaticComplexity="0" nPathComplexity="0" sequenceCoverage="26.32" branchCoverage="0" crapScore="0" isConstructor="false" isStatic="false" isGetter="false" isSetter="false">
              <Summary numSequencePoints="19" visitedSequencePoints="5" numBranchPoints="0" visitedBranchPoints="0" sequenceCoverage="26.32" branchCoverage="0" maxCyclomaticComplexity="0" minCyclomaticComplexity="0" maxCrapScore="0" minCrapScore="0" visitedClasses="0" numClasses="0" visitedMethods="1" numMethods="1" />
              <MetadataToken>100663339</MetadataToken>
              <Name>System.Void Model::updateTime()</Name>
              <FileRef uid="10" />
              <SequencePoints>
                <SequencePoint vc="1" uspid="3526" ordinal="0" offset="0" sl="248" sc="5" el="248" ec="5" bec="0" bev="0" fileid="10" />
                <SequencePoint vc="1" uspid="3527" ordinal="0" offset="1" sl="249" sc="9" el="249" ec="9" bec="0" bev="0" fileid="10" />
                <SequencePoint vc="0" uspid="3528" ordinal="0" offset="18" sl="250" sc="9" el="250" ec="9" bec="0" bev="0" fileid="10" />
                <SequencePoint vc="0" uspid="3529" ordinal="0" offset="19" sl="251" sc="13" el="251" ec="13" bec="0" bev="0" fileid="10" />
                <SequencePoint vc="0" uspid="3530" ordinal="0" offset="26" sl="252" sc="13" el="252" ec="13" bec="0" bev="0" fileid="10" />
                <SequencePoint vc="0" uspid="3531" ordinal="0" offset="40" sl="253" sc="13" el="253" ec="13" bec="0" bev="0" fileid="10" />
                <SequencePoint vc="0" uspid="3532" ordinal="0" offset="85" sl="254" sc="9" el="254" ec="9" bec="0" bev="0" fileid="10" />
                <SequencePoint vc="1" uspid="3533" ordinal="0" offset="86" sl="255" sc="9" el="255" ec="9" bec="0" bev="0" fileid="10" />
                <SequencePoint vc="0" uspid="3534" ordinal="0" offset="102" sl="256" sc="9" el="256" ec="9" bec="0" bev="0" fileid="10" />
                <SequencePoint vc="0" uspid="3535" ordinal="0" offset="103" sl="257" sc="13" el="257" ec="13" bec="0" bev="0" fileid="10" />
                <SequencePoint vc="0" uspid="3536" ordinal="0" offset="110" sl="258" sc="13" el="258" ec="13" bec="0" bev="0" fileid="10" />
                <SequencePoint vc="0" uspid="3537" ordinal="0" offset="124" sl="260" sc="13" el="260" ec="13" bec="0" bev="0" fileid="10" />
                <SequencePoint vc="0" uspid="3538" ordinal="0" offset="139" sl="261" sc="13" el="261" ec="13" bec="0" bev="0" fileid="10" />
                <SequencePoint vc="0" uspid="3539" ordinal="0" offset="140" sl="262" sc="17" el="262" ec="17" bec="0" bev="0" fileid="10" />
                <SequencePoint vc="0" uspid="3540" ordinal="0" offset="147" sl="263" sc="13" el="263" ec="13" bec="0" bev="0" fileid="10" />
                <SequencePoint vc="0" uspid="3541" ordinal="0" offset="148" sl="264" sc="13" el="264" ec="13" bec="0" bev="0" fileid="10" />
                <SequencePoint vc="0" uspid="3542" ordinal="0" offset="155" sl="265" sc="9" el="265" ec="9" bec="0" bev="0" fileid="10" />
                <SequencePoint vc="1" uspid="3543" ordinal="0" offset="156" sl="266" sc="9" el="266" ec="9" bec="0" bev="0" fileid="10" />
                <SequencePoint vc="1" uspid="3544" ordinal="0" offset="163" sl="267" sc="5" el="267" ec="5" bec="0" bev="0" fileid="10" />
              </SequencePoints>
              <BranchPoints />
            </Method>
            <Method visited="true" cyclomaticComplexity="0" nPathComplexity="0" sequenceCoverage="57.14" branchCoverage="0" crapScore="0" isConstructor="false" isStatic="false" isGetter="false" isSetter="false">
              <Summary numSequencePoints="7" visitedSequencePoints="4" numBranchPoints="0" visitedBranchPoints="0" sequenceCoverage="57.14" branchCoverage="0" maxCyclomaticComplexity="0" minCyclomaticComplexity="0" maxCrapScore="0" minCrapScore="0" visitedClasses="0" numClasses="0" visitedMethods="1" numMethods="1" />
              <MetadataToken>100663343</MetadataToken>
              <Name>System.Void Model::move(Entity, UnityEngine.Vector2, System.Single)</Name>
              <FileRef uid="10" />
              <SequencePoints>
                <SequencePoint vc="220" uspid="3551" ordinal="0" offset="0" sl="333" sc="5" el="333" ec="5" bec="0" bev="0" fileid="10" />
                <SequencePoint vc="220" uspid="3552" ordinal="0" offset="1" sl="334" sc="9" el="334" ec="9" bec="0" bev="0" fileid="10" />
                <SequencePoint vc="220" uspid="3553" ordinal="0" offset="64" sl="335" sc="9" el="335" ec="9" bec="0" bev="0" fileid="10" />
                <SequencePoint vc="0" uspid="3554" ordinal="0" offset="95" sl="336" sc="9" el="336" ec="9" bec="0" bev="0" fileid="10" />
                <SequencePoint vc="0" uspid="3555" ordinal="0" offset="96" sl="337" sc="13" el="337" ec="13" bec="0" bev="0" fileid="10" />
                <SequencePoint vc="0" uspid="3556" ordinal="0" offset="127" sl="338" sc="9" el="338" ec="9" bec="0" bev="0" fileid="10" />
                <SequencePoint vc="220" uspid="3557" ordinal="0" offset="128" sl="339" sc="5" el="339" ec="5" bec="0" bev="0" fileid="10" />
              </SequencePoints>
              <BranchPoints />
            </Method>
            <Method visited="true" cyclomaticComplexity="0" nPathComplexity="0" sequenceCoverage="50.00" branchCoverage="0" crapScore="0" isConstructor="false" isStatic="false" isGetter="false" isSetter="false">
              <Summary numSequencePoints="22" visitedSequencePoints="11" numBranchPoints="0" visitedBranchPoints="0" sequenceCoverage="50.00" branchCoverage="0" maxCyclomaticComplexity="0" minCyclomaticComplexity="0" maxCrapScore="0" minCrapScore="0" visitedClasses="0" numClasses="0" visitedMethods="1" numMethods="1" />
              <MetadataToken>100663344</MetadataToken>
              <Name>System.Void Model::movePoacher(Poacher, UnityEngine.Vector2)</Name>
              <FileRef uid="10" />
              <SequencePoints>
                <SequencePoint vc="109" uspid="3558" ordinal="0" offset="0" sl="341" sc="5" el="341" ec="5" bec="0" bev="0" fileid="10" />
                <SequencePoint vc="109" uspid="3559" ordinal="0" offset="1" sl="343" sc="9" el="343" ec="9" bec="0" bev="0" fileid="10" />
                <SequencePoint vc="109" uspid="3560" ordinal="0" offset="62" sl="344" sc="9" el="344" ec="9" bec="0" bev="0" fileid="10" />
                <SequencePoint vc="1" uspid="3561" ordinal="0" offset="103" sl="345" sc="9" el="345" ec="9" bec="0" bev="0" fileid="10" />
                <SequencePoint vc="1" uspid="3562" ordinal="0" offset="104" sl="347" sc="13" el="347" ec="13" bec="0" bev="0" fileid="10" />
                <SequencePoint vc="1" uspid="3563" ordinal="0" offset="144" sl="348" sc="13" el="348" ec="13" bec="0" bev="0" fileid="10" />
                <SequencePoint vc="0" uspid="3564" ordinal="0" offset="152" sl="349" sc="13" el="349" ec="13" bec="0" bev="0" fileid="10" />
                <SequencePoint vc="0" uspid="3565" ordinal="0" offset="153" sl="351" sc="17" el="351" ec="17" bec="0" bev="0" fileid="10" />
                <SequencePoint vc="0" uspid="3566" ordinal="0" offset="160" sl="352" sc="17" el="352" ec="17" bec="0" bev="0" fileid="10" />
                <SequencePoint vc="0" uspid="3567" ordinal="0" offset="171" sl="353" sc="17" el="353" ec="17" bec="0" bev="0" fileid="10" />
                <SequencePoint vc="0" uspid="3568" ordinal="0" offset="184" sl="354" sc="17" el="354" ec="17" bec="0" bev="0" fileid="10" />
                <SequencePoint vc="0" uspid="3569" ordinal="0" offset="185" sl="355" sc="21" el="355" ec="21" bec="0" bev="0" fileid="10" />
                <SequencePoint vc="0" uspid="3570" ordinal="0" offset="198" sl="356" sc="21" el="356" ec="21" bec="0" bev="0" fileid="10" />
                <SequencePoint vc="0" uspid="3571" ordinal="0" offset="210" sl="357" sc="17" el="357" ec="17" bec="0" bev="0" fileid="10" />
                <SequencePoint vc="0" uspid="3572" ordinal="0" offset="211" sl="358" sc="17" el="358" ec="17" bec="0" bev="0" fileid="10" />
                <SequencePoint vc="0" uspid="3573" ordinal="0" offset="224" sl="359" sc="17" el="359" ec="17" bec="0" bev="0" fileid="10" />
                <SequencePoint vc="0" uspid="3574" ordinal="0" offset="236" sl="360" sc="13" el="360" ec="13" bec="0" bev="0" fileid="10" />
                <SequencePoint vc="1" uspid="3575" ordinal="0" offset="239" sl="361" sc="13" el="361" ec="13" bec="0" bev="0" fileid="10" />
                <SequencePoint vc="1" uspid="3576" ordinal="0" offset="240" sl="363" sc="17" el="363" ec="17" bec="0" bev="0" fileid="10" />
                <SequencePoint vc="1" uspid="3577" ordinal="0" offset="337" sl="364" sc="13" el="364" ec="13" bec="0" bev="0" fileid="10" />
                <SequencePoint vc="1" uspid="3578" ordinal="0" offset="338" sl="365" sc="9" el="365" ec="9" bec="0" bev="0" fileid="10" />
                <SequencePoint vc="109" uspid="3579" ordinal="0" offset="339" sl="366" sc="5" el="366" ec="5" bec="0" bev="0" fileid="10" />
              </SequencePoints>
              <BranchPoints />
            </Method>
            <Method visited="true" cyclomaticComplexity="0" nPathComplexity="0" sequenceCoverage="47.50" branchCoverage="0" crapScore="0" isConstructor="false" isStatic="false" isGetter="false" isSetter="false">
              <Summary numSequencePoints="40" visitedSequencePoints="19" numBranchPoints="0" visitedBranchPoints="0" sequenceCoverage="47.50" branchCoverage="0" maxCyclomaticComplexity="0" minCyclomaticComplexity="0" maxCrapScore="0" minCrapScore="0" visitedClasses="0" numClasses="0" visitedMethods="1" numMethods="1" />
              <MetadataToken>100663346</MetadataToken>
              <Name>Entity Model::AnimalIsOnTerrain(Entity)</Name>
              <FileRef uid="10" />
              <SequencePoints>
                <SequencePoint vc="4" uspid="3610" ordinal="0" offset="0" sl="403" sc="5" el="403" ec="5" bec="0" bev="0" fileid="10" />
                <SequencePoint vc="4" uspid="3611" ordinal="0" offset="1" sl="404" sc="9" el="404" ec="9" bec="0" bev="0" fileid="10" />
                <SequencePoint vc="4" uspid="3612" ordinal="0" offset="18" sl="406" sc="9" el="406" ec="9" bec="0" bev="0" fileid="10" />
                <SequencePoint vc="4" uspid="3613" ordinal="0" offset="19" sl="406" sc="36" el="406" ec="36" bec="0" bev="0" fileid="10" />
                <SequencePoint vc="1" uspid="3614" ordinal="0" offset="28" sl="406" sc="18" el="406" ec="18" bec="0" bev="0" fileid="10" />
                <SequencePoint vc="1" uspid="3615" ordinal="0" offset="32" sl="407" sc="9" el="407" ec="9" bec="0" bev="0" fileid="10" />
                <SequencePoint vc="1" uspid="3616" ordinal="0" offset="33" sl="408" sc="13" el="408" ec="13" bec="0" bev="0" fileid="10" />
                <SequencePoint vc="0" uspid="3617" ordinal="0" offset="56" sl="409" sc="13" el="409" ec="13" bec="0" bev="0" fileid="10" />
                <SequencePoint vc="0" uspid="3618" ordinal="0" offset="57" sl="410" sc="17" el="410" ec="17" bec="0" bev="0" fileid="10" />
                <SequencePoint vc="1" uspid="3619" ordinal="0" offset="62" sl="412" sc="13" el="412" ec="13" bec="0" bev="0" fileid="10" />
                <SequencePoint vc="1" uspid="3620" ordinal="0" offset="63" sl="412" sc="40" el="412" ec="40" bec="0" bev="0" fileid="10" />
                <SequencePoint vc="2" uspid="3621" ordinal="0" offset="78" sl="412" sc="22" el="412" ec="22" bec="0" bev="0" fileid="10" />
                <SequencePoint vc="2" uspid="3622" ordinal="0" offset="87" sl="413" sc="13" el="413" ec="13" bec="0" bev="0" fileid="10" />
                <SequencePoint vc="2" uspid="3623" ordinal="0" offset="88" sl="414" sc="17" el="414" ec="17" bec="0" bev="0" fileid="10" />
                <SequencePoint vc="1" uspid="3624" ordinal="0" offset="148" sl="416" sc="17" el="416" ec="17" bec="0" bev="0" fileid="10" />
                <SequencePoint vc="1" uspid="3625" ordinal="0" offset="149" sl="417" sc="21" el="417" ec="21" bec="0" bev="0" fileid="10" />
                <SequencePoint vc="1" uspid="3626" ordinal="0" offset="158" sl="419" sc="13" el="419" ec="13" bec="0" bev="0" fileid="10" />
                <SequencePoint vc="2" uspid="3627" ordinal="0" offset="159" sl="412" sc="37" el="412" ec="37" bec="0" bev="0" fileid="10" />
                <SequencePoint vc="0" uspid="3628" ordinal="0" offset="185" sl="420" sc="13" el="420" ec="13" bec="0" bev="0" fileid="10" />
                <SequencePoint vc="0" uspid="3629" ordinal="0" offset="186" sl="420" sc="40" el="420" ec="40" bec="0" bev="0" fileid="10" />
                <SequencePoint vc="0" uspid="3630" ordinal="0" offset="201" sl="420" sc="22" el="420" ec="22" bec="0" bev="0" fileid="10" />
                <SequencePoint vc="0" uspid="3631" ordinal="0" offset="210" sl="421" sc="13" el="421" ec="13" bec="0" bev="0" fileid="10" />
                <SequencePoint vc="0" uspid="3632" ordinal="0" offset="211" sl="422" sc="17" el="422" ec="17" bec="0" bev="0" fileid="10" />
                <SequencePoint vc="0" uspid="3633" ordinal="0" offset="271" sl="424" sc="17" el="424" ec="17" bec="0" bev="0" fileid="10" />
                <SequencePoint vc="0" uspid="3634" ordinal="0" offset="272" sl="425" sc="21" el="425" ec="21" bec="0" bev="0" fileid="10" />
                <SequencePoint vc="0" uspid="3635" ordinal="0" offset="281" sl="427" sc="13" el="427" ec="13" bec="0" bev="0" fileid="10" />
                <SequencePoint vc="0" uspid="3636" ordinal="0" offset="282" sl="420" sc="37" el="420" ec="37" bec="0" bev="0" fileid="10" />
                <SequencePoint vc="0" uspid="3637" ordinal="0" offset="308" sl="428" sc="13" el="428" ec="13" bec="0" bev="0" fileid="10" />
                <SequencePoint vc="0" uspid="3638" ordinal="0" offset="309" sl="428" sc="40" el="428" ec="40" bec="0" bev="0" fileid="10" />
                <SequencePoint vc="0" uspid="3639" ordinal="0" offset="324" sl="428" sc="22" el="428" ec="22" bec="0" bev="0" fileid="10" />
                <SequencePoint vc="0" uspid="3640" ordinal="0" offset="333" sl="429" sc="13" el="429" ec="13" bec="0" bev="0" fileid="10" />
                <SequencePoint vc="0" uspid="3641" ordinal="0" offset="334" sl="430" sc="17" el="430" ec="17" bec="0" bev="0" fileid="10" />
                <SequencePoint vc="0" uspid="3642" ordinal="0" offset="394" sl="432" sc="17" el="432" ec="17" bec="0" bev="0" fileid="10" />
                <SequencePoint vc="0" uspid="3643" ordinal="0" offset="395" sl="433" sc="21" el="433" ec="21" bec="0" bev="0" fileid="10" />
                <SequencePoint vc="0" uspid="3644" ordinal="0" offset="401" sl="435" sc="13" el="435" ec="13" bec="0" bev="0" fileid="10" />
                <SequencePoint vc="0" uspid="3645" ordinal="0" offset="402" sl="428" sc="37" el="428" ec="37" bec="0" bev="0" fileid="10" />
                <SequencePoint vc="0" uspid="3646" ordinal="0" offset="428" sl="436" sc="9" el="436" ec="9" bec="0" bev="0" fileid="10" />
                <SequencePoint vc="4" uspid="3647" ordinal="0" offset="433" sl="406" sc="33" el="406" ec="33" bec="0" bev="0" fileid="10" />
                <SequencePoint vc="3" uspid="3648" ordinal="0" offset="442" sl="438" sc="9" el="438" ec="9" bec="0" bev="0" fileid="10" />
                <SequencePoint vc="4" uspid="3649" ordinal="0" offset="447" sl="439" sc="5" el="439" ec="5" bec="0" bev="0" fileid="10" />
              </SequencePoints>
              <BranchPoints />
            </Method>
            <Method visited="true" cyclomaticComplexity="0" nPathComplexity="0" sequenceCoverage="100.0" branchCoverage="0" crapScore="0" isConstructor="false" isStatic="false" isGetter="false" isSetter="false">
              <Summary numSequencePoints="20" visitedSequencePoints="20" numBranchPoints="0" visitedBranchPoints="0" sequenceCoverage="100.0" branchCoverage="0" maxCyclomaticComplexity="0" minCyclomaticComplexity="0" maxCrapScore="0" minCrapScore="0" visitedClasses="0" numClasses="0" visitedMethods="1" numMethods="1" />
              <MetadataToken>100663347</MetadataToken>
              <Name>System.Void Model::changeSortingOrder(Entity)</Name>
              <FileRef uid="10" />
              <SequencePoints>
                <SequencePoint vc="17" uspid="3650" ordinal="0" offset="0" sl="441" sc="5" el="441" ec="5" bec="0" bev="0" fileid="10" />
                <SequencePoint vc="17" uspid="3651" ordinal="0" offset="1" sl="442" sc="9" el="442" ec="9" bec="0" bev="0" fileid="10" />
                <SequencePoint vc="17" uspid="3652" ordinal="0" offset="13" sl="444" sc="9" el="444" ec="9" bec="0" bev="0" fileid="10" />
                <SequencePoint vc="17" uspid="3653" ordinal="0" offset="45" sl="446" sc="9" el="446" ec="9" bec="0" bev="0" fileid="10" />
                <SequencePoint vc="17" uspid="3654" ordinal="0" offset="76" sl="447" sc="9" el="447" ec="9" bec="0" bev="0" fileid="10" />
                <SequencePoint vc="17" uspid="3655" ordinal="0" offset="82" sl="449" sc="9" el="449" ec="9" bec="0" bev="0" fileid="10" />
                <SequencePoint vc="17" uspid="3656" ordinal="0" offset="83" sl="449" sc="36" el="449" ec="36" bec="0" bev="0" fileid="10" />
                <SequencePoint vc="3" uspid="3657" ordinal="0" offset="91" sl="449" sc="18" el="449" ec="18" bec="0" bev="0" fileid="10" />
                <SequencePoint vc="3" uspid="3658" ordinal="0" offset="98" sl="450" sc="9" el="450" ec="9" bec="0" bev="0" fileid="10" />
                <SequencePoint vc="3" uspid="3659" ordinal="0" offset="99" sl="451" sc="13" el="451" ec="13" bec="0" bev="0" fileid="10" />
                <SequencePoint vc="3" uspid="3660" ordinal="0" offset="131" sl="452" sc="13" el="452" ec="13" bec="0" bev="0" fileid="10" />
                <SequencePoint vc="17" uspid="3661" ordinal="0" offset="133" sl="449" sc="33" el="449" ec="33" bec="0" bev="0" fileid="10" />
                <SequencePoint vc="17" uspid="3662" ordinal="0" offset="141" sl="455" sc="9" el="455" ec="9" bec="0" bev="0" fileid="10" />
                <SequencePoint vc="14" uspid="3663" ordinal="0" offset="151" sl="456" sc="9" el="456" ec="9" bec="0" bev="0" fileid="10" />
                <SequencePoint vc="14" uspid="3664" ordinal="0" offset="152" sl="457" sc="13" el="457" ec="13" bec="0" bev="0" fileid="10" />
                <SequencePoint vc="14" uspid="3665" ordinal="0" offset="161" sl="458" sc="9" el="458" ec="9" bec="0" bev="0" fileid="10" />
                <SequencePoint vc="3" uspid="3666" ordinal="0" offset="164" sl="460" sc="9" el="460" ec="9" bec="0" bev="0" fileid="10" />
                <SequencePoint vc="3" uspid="3667" ordinal="0" offset="165" sl="461" sc="13" el="461" ec="13" bec="0" bev="0" fileid="10" />
                <SequencePoint vc="3" uspid="3668" ordinal="0" offset="173" sl="462" sc="9" el="462" ec="9" bec="0" bev="0" fileid="10" />
                <SequencePoint vc="17" uspid="3669" ordinal="0" offset="174" sl="463" sc="5" el="463" ec="5" bec="0" bev="0" fileid="10" />
              </SequencePoints>
              <BranchPoints />
            </Method>
            <Method visited="true" cyclomaticComplexity="0" nPathComplexity="0" sequenceCoverage="100.0" branchCoverage="0" crapScore="0" isConstructor="false" isStatic="false" isGetter="false" isSetter="false">
              <Summary numSequencePoints="5" visitedSequencePoints="5" numBranchPoints="0" visitedBranchPoints="0" sequenceCoverage="100.0" branchCoverage="0" maxCyclomaticComplexity="0" minCyclomaticComplexity="0" maxCrapScore="0" minCrapScore="0" visitedClasses="0" numClasses="0" visitedMethods="1" numMethods="1" />
              <MetadataToken>100663348</MetadataToken>
              <Name>System.Void Model::FixedUpdate()</Name>
              <FileRef uid="10" />
              <SequencePoints>
                <SequencePoint vc="55" uspid="3670" ordinal="0" offset="0" sl="465" sc="5" el="465" ec="5" bec="0" bev="0" fileid="10" />
                <SequencePoint vc="55" uspid="3671" ordinal="0" offset="1" sl="466" sc="9" el="466" ec="9" bec="0" bev="0" fileid="10" />
                <SequencePoint vc="55" uspid="3672" ordinal="0" offset="8" sl="467" sc="9" el="467" ec="9" bec="0" bev="0" fileid="10" />
                <SequencePoint vc="55" uspid="3673" ordinal="0" offset="15" sl="468" sc="9" el="468" ec="9" bec="0" bev="0" fileid="10" />
                <SequencePoint vc="55" uspid="3674" ordinal="0" offset="22" sl="469" sc="5" el="469" ec="5" bec="0" bev="0" fileid="10" />
              </SequencePoints>
              <BranchPoints />
            </Method>
            <Method visited="true" cyclomaticComplexity="0" nPathComplexity="0" sequenceCoverage="39.39" branchCoverage="0" crapScore="0" isConstructor="false" isStatic="false" isGetter="false" isSetter="false">
              <Summary numSequencePoints="66" visitedSequencePoints="26" numBranchPoints="0" visitedBranchPoints="0" sequenceCoverage="39.39" branchCoverage="0" maxCyclomaticComplexity="0" minCyclomaticComplexity="0" maxCrapScore="0" minCrapScore="0" visitedClasses="0" numClasses="0" visitedMethods="1" numMethods="1" />
              <MetadataToken>100663349</MetadataToken>
              <Name>System.Void Model::tempMove()</Name>
              <FileRef uid="10" />
              <SequencePoints>
                <SequencePoint vc="55" uspid="3675" ordinal="0" offset="0" sl="471" sc="5" el="471" ec="5" bec="0" bev="0" fileid="10" />
                <SequencePoint vc="55" uspid="3676" ordinal="0" offset="1" sl="472" sc="9" el="472" ec="9" bec="0" bev="0" fileid="10" />
                <SequencePoint vc="55" uspid="3677" ordinal="0" offset="22" sl="473" sc="9" el="473" ec="9" bec="0" bev="0" fileid="10" />
                <SequencePoint vc="55" uspid="3678" ordinal="0" offset="23" sl="474" sc="18" el="474" ec="18" bec="0" bev="0" fileid="10" />
                <SequencePoint vc="220" uspid="3679" ordinal="0" offset="27" sl="475" sc="13" el="475" ec="13" bec="0" bev="0" fileid="10" />
[...]
                <SequencePoint vc="0" uspid="5433" ordinal="0" offset="179" sl="275" sc="76" el="275" ec="76" bec="0" bev="0" fileid="10" />
                <SequencePoint vc="0" uspid="5434" ordinal="0" offset="181" sl="277" sc="21" el="277" ec="21" bec="0" bev="0" fileid="10" />
                <SequencePoint vc="0" uspid="5435" ordinal="0" offset="205" sl="278" sc="21" el="278" ec="21" bec="0" bev="0" fileid="10" />
                <SequencePoint vc="0" uspid="5436" ordinal="0" offset="241" sl="280" sc="21" el="280" ec="21" bec="0" bev="0" fileid="10" />
                <SequencePoint vc="0" uspid="5437" ordinal="0" offset="261" sl="281" sc="21" el="281" ec="21" bec="0" bev="0" fileid="10" />
                <SequencePoint vc="0" uspid="5438" ordinal="0" offset="262" sl="282" sc="25" el="282" ec="25" bec="0" bev="0" fileid="10" />
                <SequencePoint vc="0" uspid="5439" ordinal="0" offset="274" sl="283" sc="21" el="283" ec="21" bec="0" bev="0" fileid="10" />
                <SequencePoint vc="0" uspid="5440" ordinal="0" offset="275" sl="284" sc="21" el="284" ec="21" bec="0" bev="0" fileid="10" />
                <SequencePoint vc="0" uspid="5441" ordinal="0" offset="287" sl="285" sc="21" el="285" ec="21" bec="0" bev="0" fileid="10" />
                <SequencePoint vc="1" uspid="5442" ordinal="0" offset="289" sl="287" sc="13" el="287" ec="13" bec="0" bev="0" fileid="10" />
                <SequencePoint vc="1" uspid="5443" ordinal="0" offset="301" sl="288" sc="13" el="288" ec="13" bec="0" bev="0" fileid="10" />
                <SequencePoint vc="0" uspid="5444" ordinal="0" offset="333" sl="289" sc="9" el="289" ec="9" bec="0" bev="0" fileid="10" />
                <SequencePoint vc="1" uspid="5445" ordinal="0" offset="334" sl="270" sc="9" el="270" ec="9" bec="0" bev="0" fileid="10" />
              </SequencePoints>
              <BranchPoints />
            </Method>
          </Methods>
        </Class>
        <Class>
          <Summary numSequencePoints="22" visitedSequencePoints="6" numBranchPoints="0" visitedBranchPoints="0" sequenceCoverage="27.27" branchCoverage="0.0" maxCyclomaticComplexity="0" minCyclomaticComplexity="0" maxCrapScore="0" minCrapScore="0" visitedClasses="1" numClasses="1" visitedMethods="1" numMethods="1" />
          <FullName>Model/&lt;sendJeep&gt;d__60</FullName>
          <Methods>
            <Method visited="true" cyclomaticComplexity="0" nPathComplexity="0" sequenceCoverage="27.27" branchCoverage="0" crapScore="0" isConstructor="false" isStatic="false" isGetter="false" isSetter="false">
              <Summary numSequencePoints="22" visitedSequencePoints="6" numBranchPoints="0" visitedBranchPoints="0" sequenceCoverage="27.27" branchCoverage="0" maxCyclomaticComplexity="0" minCyclomaticComplexity="0" maxCrapScore="0" minCrapScore="0" visitedClasses="0" numClasses="0" visitedMethods="1" numMethods="1" />
              <MetadataToken>100663549</MetadataToken>
              <Name>System.Boolean Model/&lt;sendJeep&gt;d__60::MoveNext()</Name>
              <FileRef uid="10" />
              <SequencePoints>
                <SequencePoint vc="1" uspid="5446" ordinal="0" offset="34" sl="292" sc="5" el="292" ec="5" bec="0" bev="0" fileid="10" />
                <SequencePoint vc="2" uspid="5447" ordinal="0" offset="40" sl="294" sc="9" el="294" ec="9" bec="0" bev="0" fileid="10" />
                <SequencePoint vc="2" uspid="5448" ordinal="0" offset="41" sl="295" sc="13" el="295" ec="13" bec="0" bev="0" fileid="10" />
                <SequencePoint vc="0" uspid="5449" ordinal="0" offset="65" sl="296" sc="13" el="296" ec="13" bec="0" bev="0" fileid="10" />
                <SequencePoint vc="0" uspid="5450" ordinal="0" offset="66" sl="297" sc="17" el="297" ec="17" bec="0" bev="0" fileid="10" />
                <SequencePoint vc="0" uspid="5451" ordinal="0" offset="75" sl="299" sc="17" el="299" ec="17" bec="0" bev="0" fileid="10" />
                <SequencePoint vc="0" uspid="5452" ordinal="0" offset="76" sl="300" sc="21" el="300" ec="21" bec="0" bev="0" fileid="10" />
                <SequencePoint vc="0" uspid="5453" ordinal="0" offset="90" sl="301" sc="17" el="301" ec="17" bec="0" bev="0" fileid="10" />
                <SequencePoint vc="0" uspid="5454" ordinal="0" offset="91" sl="298" sc="17" el="298" ec="17" bec="0" bev="0" fileid="10" />
                <SequencePoint vc="0" uspid="5455" ordinal="0" offset="149" sl="303" sc="17" el="303" ec="17" bec="0" bev="0" fileid="10" />
                <SequencePoint vc="0" uspid="5456" ordinal="0" offset="202" sl="304" sc="17" el="304" ec="17" bec="0" bev="0" fileid="10" />
                <SequencePoint vc="0" uspid="5457" ordinal="0" offset="203" sl="305" sc="21" el="305" ec="21" bec="0" bev="0" fileid="10" />
                <SequencePoint vc="0" uspid="5458" ordinal="0" offset="242" sl="306" sc="21" el="306" ec="21" bec="0" bev="0" fileid="10" />
                <SequencePoint vc="0" uspid="5459" ordinal="0" offset="270" sl="307" sc="21" el="307" ec="21" bec="0" bev="0" fileid="10" />
                <SequencePoint vc="0" uspid="5460" ordinal="0" offset="298" sl="308" sc="21" el="308" ec="21" bec="0" bev="0" fileid="10" />
                <SequencePoint vc="0" uspid="5461" ordinal="0" offset="331" sl="309" sc="21" el="309" ec="21" bec="0" bev="0" fileid="10" />
                <SequencePoint vc="0" uspid="5462" ordinal="0" offset="355" sl="312" sc="21" el="312" ec="21" bec="0" bev="0" fileid="10" />
                <SequencePoint vc="0" uspid="5463" ordinal="0" offset="391" sl="313" sc="17" el="313" ec="17" bec="0" bev="0" fileid="10" />
                <SequencePoint vc="0" uspid="5464" ordinal="0" offset="392" sl="314" sc="13" el="314" ec="13" bec="0" bev="0" fileid="10" />
                <SequencePoint vc="2" uspid="5465" ordinal="0" offset="393" sl="315" sc="13" el="315" ec="13" bec="0" bev="0" fileid="10" />
                <SequencePoint vc="1" uspid="5466" ordinal="0" offset="425" sl="316" sc="9" el="316" ec="9" bec="0" bev="0" fileid="10" />
                <SequencePoint vc="2" uspid="5467" ordinal="0" offset="426" sl="293" sc="9" el="293" ec="9" bec="0" bev="0" fileid="10" />
              </SequencePoints>
              <BranchPoints />
            </Method>
          </Methods>
        </Class>
        <Class>
          <Summary numSequencePoints="26" visitedSequencePoints="22" numBranchPoints="0" visitedBranchPoints="0" sequenceCoverage="84.62" branchCoverage="0.0" maxCyclomaticComplexity="0" minCyclomaticComplexity="0" maxCrapScore="0" minCrapScore="0" visitedClasses="1" numClasses="1" visitedMethods="1" numMethods="1" />
          <FullName>Model/&lt;sortingOrderCoroutine&gt;d__57</FullName>
          <Methods>
            <Method visited="true" cyclomaticComplexity="0" nPathComplexity="0" sequenceCoverage="84.62" branchCoverage="0" crapScore="0" isConstructor="false" isStatic="false" isGetter="false" isSetter="false">
              <Summary numSequencePoints="26" visitedSequencePoints="22" numBranchPoints="0" visitedBranchPoints="0" sequenceCoverage="84.62" branchCoverage="0" maxCyclomaticComplexity="0" minCyclomaticComplexity="0" maxCrapScore="0" minCrapScore="0" visitedClasses="0" numClasses="0" visitedMethods="1" numMethods="1" />
              <MetadataToken>100663555</MetadataToken>
              <Name>System.Boolean Model/&lt;sortingOrderCoroutine&gt;d__57::MoveNext()</Name>
              <FileRef uid="10" />
              <SequencePoints>
                <SequencePoint vc="1" uspid="5468" ordinal="0" offset="34" sl="227" sc="5" el="227" ec="5" bec="0" bev="0" fileid="10" />
                <SequencePoint vc="3" uspid="5469" ordinal="0" offset="40" sl="229" sc="9" el="229" ec="9" bec="0" bev="0" fileid="10" />
                <SequencePoint vc="3" uspid="5470" ordinal="0" offset="41" sl="230" sc="13" el="230" ec="13" bec="0" bev="0" fileid="10" />
                <SequencePoint vc="3" uspid="5471" ordinal="0" offset="42" sl="230" sc="39" el="230" ec="39" bec="0" bev="0" fileid="10" />
                <SequencePoint vc="12" uspid="5472" ordinal="0" offset="66" sl="230" sc="22" el="230" ec="22" bec="0" bev="0" fileid="10" />
                <SequencePoint vc="12" uspid="5473" ordinal="0" offset="83" sl="231" sc="13" el="231" ec="13" bec="0" bev="0" fileid="10" />
                <SequencePoint vc="12" uspid="5474" ordinal="0" offset="84" sl="232" sc="17" el="232" ec="17" bec="0" bev="0" fileid="10" />
                <SequencePoint vc="12" uspid="5475" ordinal="0" offset="102" sl="233" sc="13" el="233" ec="13" bec="0" bev="0" fileid="10" />
                <SequencePoint vc="15" uspid="5476" ordinal="0" offset="110" sl="230" sc="36" el="230" ec="36" bec="0" bev="0" fileid="10" />
                <SequencePoint vc="3" uspid="5477" ordinal="0" offset="156" sl="234" sc="13" el="234" ec="13" bec="0" bev="0" fileid="10" />
                <SequencePoint vc="3" uspid="5478" ordinal="0" offset="157" sl="234" sc="35" el="234" ec="35" bec="0" bev="0" fileid="10" />
                <SequencePoint vc="5" uspid="5479" ordinal="0" offset="181" sl="234" sc="22" el="234" ec="22" bec="0" bev="0" fileid="10" />
                <SequencePoint vc="5" uspid="5480" ordinal="0" offset="198" sl="235" sc="13" el="235" ec="13" bec="0" bev="0" fileid="10" />
                <SequencePoint vc="5" uspid="5481" ordinal="0" offset="199" sl="236" sc="17" el="236" ec="17" bec="0" bev="0" fileid="10" />
                <SequencePoint vc="5" uspid="5482" ordinal="0" offset="217" sl="237" sc="13" el="237" ec="13" bec="0" bev="0" fileid="10" />
                <SequencePoint vc="8" uspid="5483" ordinal="0" offset="225" sl="234" sc="32" el="234" ec="32" bec="0" bev="0" fileid="10" />
                <SequencePoint vc="3" uspid="5484" ordinal="0" offset="271" sl="238" sc="13" el="238" ec="13" bec="0" bev="0" fileid="10" />
                <SequencePoint vc="3" uspid="5485" ordinal="0" offset="272" sl="238" sc="34" el="238" ec="34" bec="0" bev="0" fileid="10" />
                <SequencePoint vc="0" uspid="5486" ordinal="0" offset="296" sl="238" sc="22" el="238" ec="22" bec="0" bev="0" fileid="10" />
                <SequencePoint vc="0" uspid="5487" ordinal="0" offset="313" sl="239" sc="13" el="239" ec="13" bec="0" bev="0" fileid="10" />
                <SequencePoint vc="0" uspid="5488" ordinal="0" offset="314" sl="240" sc="17" el="240" ec="17" bec="0" bev="0" fileid="10" />
                <SequencePoint vc="0" uspid="5489" ordinal="0" offset="332" sl="241" sc="13" el="241" ec="13" bec="0" bev="0" fileid="10" />
                <SequencePoint vc="3" uspid="5490" ordinal="0" offset="340" sl="238" sc="31" el="238" ec="31" bec="0" bev="0" fileid="10" />
                <SequencePoint vc="3" uspid="5491" ordinal="0" offset="386" sl="242" sc="13" el="242" ec="13" bec="0" bev="0" fileid="10" />
                <SequencePoint vc="2" uspid="5492" ordinal="0" offset="418" sl="243" sc="9" el="243" ec="9" bec="0" bev="0" fileid="10" />
                <SequencePoint vc="3" uspid="5493" ordinal="0" offset="419" sl="228" sc="9" el="228" ec="9" bec="0" bev="0" fileid="10" />
              </SequencePoints>
              <BranchPoints />
            </Method>
          </Methods>
        </Class>
      </Classes>
    </Module>
    <Module>
      <Summary numSequencePoints="8" visitedSequencePoints="0" numBranchPoints="0" visitedBranchPoints="0" sequenceCoverage="0.0" branchCoverage="0.0" maxCyclomaticComplexity="0" minCyclomaticComplexity="0" maxCrapScore="0" minCrapScore="0" visitedClasses="0" numClasses="1" visitedMethods="0" numMethods="1" />
      <ModuleTime>0001-01-01T00:00:00</ModuleTime>
      <ModuleName>GameCore.Editor</ModuleName>
      <Files>
        <File uid="30" fullPath="C:/Users/Acer/Documents/4felev/0Szofttech/safari-empire/SafariEmpire/Assets/Codes/Editor/BuildCommand.cs" />
      </Files>
      <Classes>
        <Class>
          <Summary numSequencePoints="8" visitedSequencePoints="0" numBranchPoints="0" visitedBranchPoints="0" sequenceCoverage="0.0" branchCoverage="0.0" maxCyclomaticComplexity="0" minCyclomaticComplexity="0" maxCrapScore="0" minCrapScore="0" visitedClasses="0" numClasses="1" visitedMethods="0" numMethods="1" />
          <FullName>BuildCommand</FullName>
          <Methods>
            <Method visited="false" cyclomaticComplexity="0" nPathComplexity="0" sequenceCoverage="0.0" branchCoverage="0" crapScore="0" isConstructor="false" isStatic="true" isGetter="false" isSetter="false">
              <Summary numSequencePoints="8" visitedSequencePoints="0" numBranchPoints="0" visitedBranchPoints="0" sequenceCoverage="0.0" branchCoverage="0" maxCyclomaticComplexity="0" minCyclomaticComplexity="0" maxCrapScore="0" minCrapScore="0" visitedClasses="0" numClasses="0" visitedMethods="0" numMethods="1" />
              <MetadataToken>100663304</MetadataToken>
              <Name>static System.Boolean BuildCommand::TryConvertToEnum[TEnum](System.String, )</Name>
              <FileRef uid="30" />
              <SequencePoints>
                <SequencePoint vc="0" uspid="5575" ordinal="0" offset="0" sl="138" sc="0" el="138" ec="0" bec="0" bev="0" fileid="30" />
                <SequencePoint vc="0" uspid="5576" ordinal="0" offset="1" sl="139" sc="0" el="139" ec="0" bec="0" bev="0" fileid="30" />
                <SequencePoint vc="0" uspid="5577" ordinal="0" offset="24" sl="140" sc="0" el="140" ec="0" bec="0" bev="0" fileid="30" />
                <SequencePoint vc="0" uspid="5578" ordinal="0" offset="25" sl="141" sc="0" el="141" ec="0" bec="0" bev="0" fileid="30" />
                <SequencePoint vc="0" uspid="5579" ordinal="0" offset="32" sl="142" sc="0" el="142" ec="0" bec="0" bev="0" fileid="30" />
                <SequencePoint vc="0" uspid="5580" ordinal="0" offset="36" sl="145" sc="0" el="145" ec="0" bec="0" bev="0" fileid="30" />
                <SequencePoint vc="0" uspid="5581" ordinal="0" offset="63" sl="146" sc="0" el="146" ec="0" bec="0" bev="0" fileid="30" />
                <SequencePoint vc="0" uspid="5582" ordinal="0" offset="67" sl="147" sc="0" el="147" ec="0" bec="0" bev="0" fileid="30" />
              </SequencePoints>
              <BranchPoints />
            </Method>
          </Methods>
        </Class>
      </Classes>
    </Module>
    <Module>
      <Summary numSequencePoints="18" visitedSequencePoints="18" numBranchPoints="0" visitedBranchPoints="0" sequenceCoverage="100.0" branchCoverage="0.0" maxCyclomaticComplexity="0" minCyclomaticComplexity="0" maxCrapScore="0" minCrapScore="0" visitedClasses="2" numClasses="2" visitedMethods="2" numMethods="2" />
      <ModuleTime>0001-01-01T00:00:00</ModuleTime>
      <ModuleName>PlayMode</ModuleName>
      <Files>
        <File uid="31" fullPath="C:/Users/Acer/Documents/4felev/0Szofttech/safari-empire/SafariEmpire/Assets/Tests/PlayMode/PlayModeTests.cs" />
      </Files>
      <Classes>
        <Class>
          <Summary numSequencePoints="9" visitedSequencePoints="9" numBranchPoints="0" visitedBranchPoints="0" sequenceCoverage="100.0" branchCoverage="0.0" maxCyclomaticComplexity="0" minCyclomaticComplexity="0" maxCrapScore="0" minCrapScore="0" visitedClasses="1" numClasses="1" visitedMethods="1" numMethods="1" />
          <FullName>PlayModeTests</FullName>
          <Methods>
            <Method visited="true" cyclomaticComplexity="0" nPathComplexity="0" sequenceCoverage="100.0" branchCoverage="0" crapScore="0" isConstructor="false" isStatic="false" isGetter="false" isSetter="false">
              <Summary numSequencePoints="9" visitedSequencePoints="9" numBranchPoints="0" visitedBranchPoints="0" sequenceCoverage="100.0" branchCoverage="0" maxCyclomaticComplexity="0" minCyclomaticComplexity="0" maxCrapScore="0" minCrapScore="0" visitedClasses="0" numClasses="0" visitedMethods="1" numMethods="1" />
              <MetadataToken>100663308</MetadataToken>
              <Name>System.Collections.IEnumerator PlayModeTests::sellRangerTest()</Name>
              <FileRef uid="31" />
              <SequencePoints>
                <SequencePoint vc="1" uspid="5753" ordinal="0" offset="0" sl="204" sc="5" el="204" ec="5" bec="0" bev="0" fileid="31" />
                <SequencePoint vc="1" uspid="5754" ordinal="0" offset="1" sl="205" sc="9" el="205" ec="9" bec="0" bev="0" fileid="31" />
                <SequencePoint vc="1" uspid="5755" ordinal="0" offset="18" sl="206" sc="9" el="206" ec="9" bec="0" bev="0" fileid="31" />
                <SequencePoint vc="1" uspid="5756" ordinal="0" offset="35" sl="207" sc="9" el="207" ec="9" bec="0" bev="0" fileid="31" />
                <SequencePoint vc="1" uspid="5757" ordinal="0" offset="52" sl="208" sc="9" el="208" ec="9" bec="0" bev="0" fileid="31" />
                <SequencePoint vc="1" uspid="5758" ordinal="0" offset="69" sl="210" sc="9" el="210" ec="9" bec="0" bev="0" fileid="31" />
                <SequencePoint vc="1" uspid="5759" ordinal="0" offset="89" sl="211" sc="9" el="211" ec="9" bec="0" bev="0" fileid="31" />
                <SequencePoint vc="1" uspid="5760" ordinal="0" offset="100" sl="212" sc="9" el="212" ec="9" bec="0" bev="0" fileid="31" />
                <SequencePoint vc="1" uspid="5761" ordinal="0" offset="104" sl="213" sc="5" el="213" ec="5" bec="0" bev="0" fileid="31" />
              </SequencePoints>
              <BranchPoints />
            </Method>
          </Methods>
        </Class>
        <Class>
          <Summary numSequencePoints="9" visitedSequencePoints="9" numBranchPoints="0" visitedBranchPoints="0" sequenceCoverage="100.0" branchCoverage="0.0" maxCyclomaticComplexity="0" minCyclomaticComplexity="0" maxCrapScore="0" minCrapScore="0" visitedClasses="1" numClasses="1" visitedMethods="1" numMethods="1" />
          <FullName>PlayModeTests/&lt;SetUp&gt;d__1</FullName>
          <Methods>
            <Method visited="true" cyclomaticComplexity="0" nPathComplexity="0" sequenceCoverage="100.0" branchCoverage="0" crapScore="0" isConstructor="false" isStatic="false" isGetter="false" isSetter="false">
              <Summary numSequencePoints="9" visitedSequencePoints="9" numBranchPoints="0" visitedBranchPoints="0" sequenceCoverage="100.0" branchCoverage="0" maxCyclomaticComplexity="0" minCyclomaticComplexity="0" maxCrapScore="0" minCrapScore="0" visitedClasses="0" numClasses="0" visitedMethods="1" numMethods="1" />
              <MetadataToken>100663342</MetadataToken>
              <Name>System.Boolean PlayModeTests/&lt;SetUp&gt;d__1::MoveNext()</Name>
              <FileRef uid="31" />
              <SequencePoints>
                <SequencePoint vc="1" uspid="5859" ordinal="0" offset="31" sl="36" sc="5" el="36" ec="5" bec="0" bev="0" fileid="31" />
                <SequencePoint vc="1" uspid="5860" ordinal="0" offset="32" sl="37" sc="9" el="37" ec="9" bec="0" bev="0" fileid="31" />
                <SequencePoint vc="1" uspid="5861" ordinal="0" offset="43" sl="38" sc="9" el="38" ec="9" bec="0" bev="0" fileid="31" />
                <SequencePoint vc="1" uspid="5862" ordinal="0" offset="75" sl="40" sc="9" el="40" ec="9" bec="0" bev="0" fileid="31" />
                <SequencePoint vc="1" uspid="5863" ordinal="0" offset="91" sl="41" sc="9" el="41" ec="9" bec="0" bev="0" fileid="31" />
                <SequencePoint vc="1" uspid="5864" ordinal="0" offset="113" sl="43" sc="9" el="43" ec="9" bec="0" bev="0" fileid="31" />
                <SequencePoint vc="1" uspid="5865" ordinal="0" offset="135" sl="44" sc="9" el="44" ec="9" bec="0" bev="0" fileid="31" />
                <SequencePoint vc="1" uspid="5866" ordinal="0" offset="162" sl="46" sc="9" el="46" ec="9" bec="0" bev="0" fileid="31" />
                <SequencePoint vc="1" uspid="5867" ordinal="0" offset="183" sl="47" sc="5" el="47" ec="5" bec="0" bev="0" fileid="31" />
              </SequencePoints>
              <BranchPoints />
            </Method>
          </Methods>
        </Class>
      </Classes>
    </Module>
  </Modules>
</CoverageSession>